<?xml version="1.0" encoding="UTF-8"?>
<testsuite name="com.wormzjl.createcheme.science.fluid.thermo.HybridDerivativeTest" tests="2" skipped="0" failures="0" errors="0" timestamp="2026-09-26T00:47:35.567Z" hostname="WORMZ-PC" time="0.002">
  <properties/>
  <testcase name="liquidMixtureChemicalPotentialPressureDerivativesSumToPhysicalVolume()" classname="com.wormzjl.createcheme.science.fluid.thermo.HybridDerivativeTest" time="0.0"/>
  <testcase name="sharedWaterResponsePreservesHeatAndPressureIdentities()" classname="com.wormzjl.createcheme.science.fluid.thermo.HybridDerivativeTest" time="0.002"/>
  <system-out><![CDATA[]]></system-out>
  <system-err><![CDATA[]]></system-err>
</testsuite>
