<?xml version="1.0" encoding="UTF-8"?>
<testsuite name="com.wormzjl.createcheme.science.fluid.thermo.WaterRegion1Test" tests="3" skipped="0" failures="0" errors="0" timestamp="2026-09-24T03:10:09.579Z" hostname="WORMZ-PC" time="0.002">
  <properties/>
  <testcase name="refusesVaporAndOutOfRegionStates()" classname="com.wormzjl.createcheme.science.fluid.thermo.WaterRegion1Test" time="0.002"/>
  <testcase name="verifiesAnalyticPressureAndTemperatureDerivatives()" classname="com.wormzjl.createcheme.science.fluid.thermo.WaterRegion1Test" time="0.0"/>
  <testcase name="matchesOfficialRegionOneCheckpoints()" classname="com.wormzjl.createcheme.science.fluid.thermo.WaterRegion1Test" time="0.0"/>
  <system-out><![CDATA[]]></system-out>
  <system-err><![CDATA[]]></system-err>
</testsuite>
