<?xml version="1.0" encoding="UTF-8"?>
<testsuite name="com.wormzjl.createcheme.science.fluid.thermo.FluidThermodynamicsTest" tests="3" skipped="0" failures="0" errors="0" timestamp="2026-09-26T00:54:33.648Z" hostname="WORMZ-PC" time="0.011">
  <properties/>
  <testcase name="crudePresetsAndThreePhaseWaterMaintainComponentInventory()" classname="com.wormzjl.createcheme.science.fluid.thermo.FluidThermodynamicsTest" time="0.001"/>
  <testcase name="pureWaterLiquidSteamAndHydrocarbonLimits()" classname="com.wormzjl.createcheme.science.fluid.thermo.FluidThermodynamicsTest" time="0.001"/>
  <testcase name="subsaturatedWaterUsesTheSameVaporVolumeAsHydrocarbons()" classname="com.wormzjl.createcheme.science.fluid.thermo.FluidThermodynamicsTest" time="0.001"/>
  <system-out><![CDATA[]]></system-out>
  <system-err><![CDATA[]]></system-err>
</testsuite>
