<?xml version="1.0" encoding="UTF-8"?>
<testsuite name="com.wormzjl.createcheme.runtime.fluid.FluidCheckpointFormatTest" tests="9" skipped="0" failures="0" errors="0" timestamp="2026-09-26T03:22:57.559Z" hostname="WORMZ-PC" time="1.003">
  <properties/>
  <testcase name="clocksMaterialFencesPendingEventsModulesAndCertificatesRoundTripExactly()" classname="com.wormzjl.createcheme.runtime.fluid.FluidCheckpointFormatTest" time="0.406"/>
  <testcase name="everyInvalidCertificateFieldIsRefused()" classname="com.wormzjl.createcheme.runtime.fluid.FluidCheckpointFormatTest" time="0.03"/>
  <testcase name="formatThreeAndOlderAreRefusedWithAFreshWorldInstructionAndLeftUntouched()" classname="com.wormzjl.createcheme.runtime.fluid.FluidCheckpointFormatTest" time="0.009"/>
  <testcase name="aSignatureMismatchDiscardsTheCertificateAndKeepsTheInventory()" classname="com.wormzjl.createcheme.runtime.fluid.FluidCheckpointFormatTest" time="0.029"/>
  <testcase name="aRestoredCertificateContinuesWithoutASolveExactlyAsIfNeverSaved()" classname="com.wormzjl.createcheme.runtime.fluid.FluidCheckpointFormatTest" time="0.012"/>
  <testcase name="holdSaveAndRestartKeepsCommittedFrozenAndDebtAndRequalifiesOverTheConfirmCount()" classname="com.wormzjl.createcheme.runtime.fluid.FluidCheckpointFormatTest" time="0.013"/>
  <testcase name="aCertifiedPayloadIsCopiedNotReencodedUntilASolveOrACertificate()" classname="com.wormzjl.createcheme.runtime.fluid.FluidCheckpointFormatTest" time="0.02"/>
  <testcase name="restDetectionOffDiscardsEverySavedCertificateAndKeepsTheInventory()" classname="com.wormzjl.createcheme.runtime.fluid.FluidCheckpointFormatTest" time="0.009"/>
  <testcase name="aThousandCertifiedIslandsLoadWithoutASolveBurst()" classname="com.wormzjl.createcheme.runtime.fluid.FluidCheckpointFormatTest" time="0.436"/>
  <system-out><![CDATA[WARN StatusConsoleListener Advanced terminal features are not available in this environment
1000 certified islands: encode 12.2 ms, decode 14.9 ms, register 6.6 ms, 243000 unit bytes, core record 144474 bytes
]]></system-out>
  <system-err><![CDATA[]]></system-err>
</testsuite>
