<?xml version="1.0" encoding="UTF-8"?>
<testsuite name="com.wormzjl.createcheme.science.fluid.network.PipeTransferTest" tests="4" skipped="0" failures="0" errors="0" timestamp="2026-09-26T03:23:18.166Z" hostname="WORMZ-PC" time="0.059">
  <properties/>
  <testcase name="reversalKeepsBothDonorCompositionsAndBoundsTheHistorySize()" classname="com.wormzjl.createcheme.science.fluid.network.PipeTransferTest" time="0.001"/>
  <testcase name="allCrudeGeneratorsSupplyFiniteFlowAtTheExactAmbientLimit()" classname="com.wormzjl.createcheme.science.fluid.network.PipeTransferTest" time="0.023"/>
  <testcase name="integratedThreePhaseHistoryMatchesTheConservativeTankInventoryChange()" classname="com.wormzjl.createcheme.science.fluid.network.PipeTransferTest" time="0.004"/>
  <testcase name="allRegroupedCrudesAndMixedDonorsConserveInventoryAtAmbientAndHeatedStates()" classname="com.wormzjl.createcheme.science.fluid.network.PipeTransferTest" time="0.02"/>
  <system-out><![CDATA[]]></system-out>
  <system-err><![CDATA[]]></system-err>
</testsuite>
