<?xml version="1.0" encoding="UTF-8"?>
<testsuite name="com.wormzjl.createcheme.runtime.fluid.RetainedSolverTest" tests="3" skipped="0" failures="0" errors="0" timestamp="2026-09-26T03:23:17.397Z" hostname="WORMZ-PC" time="0.028">
  <properties/>
  <testcase name="aRetainedSolverIsExclusiveAndIsHandedBackAfterEveryOutcome()" classname="com.wormzjl.createcheme.runtime.fluid.RetainedSolverTest" time="0.008"/>
  <testcase name="sharingTheIslandSolverWithTheModulePlannerNeverCostsMoreWork()" classname="com.wormzjl.createcheme.runtime.fluid.RetainedSolverTest" time="0.011"/>
  <testcase name="aRetainedSolverReusesItsStructureAcrossTheIntervalBoundary()" classname="com.wormzjl.createcheme.runtime.fluid.RetainedSolverTest" time="0.008"/>
  <system-out><![CDATA[]]></system-out>
  <system-err><![CDATA[]]></system-err>
</testsuite>
