<?xml version="1.0" encoding="UTF-8"?>
<testsuite name="com.wormzjl.createcheme.runtime.fluid.PhysicalRegistryTest" tests="8" skipped="0" failures="0" errors="0" timestamp="2026-09-26T03:23:16.468Z" hostname="WORMZ-PC" time="0.608">
  <properties/>
  <testcase name="certifiedIslandsUntouchedByAnEventStayCertified()" classname="com.wormzjl.createcheme.runtime.fluid.PhysicalRegistryTest" time="0.059"/>
  <testcase name="mergesAndSplitsProduceTheRightIslandsAndRevisions()" classname="com.wormzjl.createcheme.runtime.fluid.PhysicalRegistryTest" time="0.006"/>
  <testcase name="placementCostIsFlatInWorldSize()" classname="com.wormzjl.createcheme.runtime.fluid.PhysicalRegistryTest" time="0.439"/>
  <testcase name="aTicksEventsApplyOnceInOrderAsOneBatch()" classname="com.wormzjl.createcheme.runtime.fluid.PhysicalRegistryTest" time="0.027"/>
  <testcase name="aHeldEventKeepsItsTickAndOrdersTheEventsThatDependOnIt()" classname="com.wormzjl.createcheme.runtime.fluid.PhysicalRegistryTest" time="0.009"/>
  <testcase name="removalAndEditFollowTheSamePath()" classname="com.wormzjl.createcheme.runtime.fluid.PhysicalRegistryTest" time="0.015"/>
  <testcase name="anEventTouchingOneIslandCompilesAndReplacesOnlyThatIsland()" classname="com.wormzjl.createcheme.runtime.fluid.PhysicalRegistryTest" time="0.021"/>
  <testcase name="anEventReachesAnIslandThroughAnOwnerlessBranch()" classname="com.wormzjl.createcheme.runtime.fluid.PhysicalRegistryTest" time="0.006"/>
  <system-out><![CDATA[one placement, median ms by world size: {500=0.1066, 2000=0.069, 5000=0.0459}
]]></system-out>
  <system-err><![CDATA[]]></system-err>
</testsuite>
