<?xml version="1.0" encoding="UTF-8"?>
<testsuite name="com.wormzjl.createcheme.science.fluid.transport.MixtureViscosityTest" tests="3" skipped="0" failures="0" errors="0" timestamp="2026-09-26T08:09:06.484Z" hostname="WORMZ-PC" time="0.007">
  <properties/>
  <testcase name="pureUnsupportedSoluteDoesNotBecomeAnInventedLiquid()" classname="com.wormzjl.createcheme.science.fluid.transport.MixtureViscosityTest" time="0.001"/>
  <testcase name="crudeCompositionsHaveDifferentMaterialDependentViscosities()" classname="com.wormzjl.createcheme.science.fluid.transport.MixtureViscosityTest" time="0.002"/>
  <testcase name="dissolvedReferencesMatchIndependentApiCheckpointsWithoutExtrapolatingPureLiquidTables()" classname="com.wormzjl.createcheme.science.fluid.transport.MixtureViscosityTest" time="0.004"/>
  <system-out><![CDATA[]]></system-out>
  <system-err><![CDATA[]]></system-err>
</testsuite>
