<?xml version="1.0" encoding="UTF-8"?>
<testsuite name="com.wormzjl.createcheme.science.fluid.network.PassiveTimeRefinementTest" tests="1" skipped="0" failures="0" errors="0" timestamp="2026-09-26T08:09:03.517Z" hostname="WORMZ-PC" time="0.07">
  <properties/>
  <testcase name="adaptiveGasBlowdownMatchesIndependentlyRefinedFixedSteps()" classname="com.wormzjl.createcheme.science.fluid.network.PassiveTimeRefinementTest" time="0.07"/>
  <system-out><![CDATA[]]></system-out>
  <system-err><![CDATA[]]></system-err>
</testsuite>
