<?xml version="1.0" encoding="UTF-8"?>
<testsuite name="com.wormzjl.createcheme.runtime.fluid.PresentationBucketTest" tests="9" skipped="0" failures="0" errors="0" timestamp="2026-09-26T05:18:17.434Z" hostname="WORMZ-PC" time="0.365">
  <properties/>
  <testcase name="aMenuFollowsItsDeviceToItsNewIslandsBucket()" classname="com.wormzjl.createcheme.runtime.fluid.PresentationBucketTest" time="0.013"/>
  <testcase name="firstRequestedOpeningReplaysLastBucketWithoutAnyScienceWorkOrDeadlineShift()" classname="com.wormzjl.createcheme.runtime.fluid.PresentationBucketTest" time="0.005"/>
  <testcase name="cachedReplayDoesNotConsumePendingInputRepliesOrUseANewerUnpublishedRevision()" classname="com.wormzjl.createcheme.runtime.fluid.PresentationBucketTest" time="0.005"/>
  <testcase name="presentationCostsNothingPerTickUnlessABucketHasWork()" classname="com.wormzjl.createcheme.runtime.fluid.PresentationBucketTest" time="0.031"/>
  <testcase name="anInputIsAnsweredOnTheFollowingBucketAndNeverBefore()" classname="com.wormzjl.createcheme.runtime.fluid.PresentationBucketTest" time="0.006"/>
  <testcase name="scientificProgressIsIdenticalWithAndWithoutViewers()" classname="com.wormzjl.createcheme.runtime.fluid.PresentationBucketTest" time="0.212"/>
  <testcase name="openMenusReceiveOneLivePayloadPerBucketAndTheStaticPartOnlyWhenTheRevisionChanges()" classname="com.wormzjl.createcheme.runtime.fluid.PresentationBucketTest" time="0.027"/>
  <testcase name="noPublishedSnapshotOrNoActiveRequestCannotTriggerAReplayOrNewView()" classname="com.wormzjl.createcheme.runtime.fluid.PresentationBucketTest" time="0.002"/>
  <testcase name="loadedDevicesArePresentedOnTheirIslandsBucketAndUnloadedOnesNever()" classname="com.wormzjl.createcheme.runtime.fluid.PresentationBucketTest" time="0.026"/>
  <system-out><![CDATA[]]></system-out>
  <system-err><![CDATA[]]></system-err>
</testsuite>
