<?xml version="1.0" encoding="UTF-8"?>
<testsuite name="com.wormzjl.createcheme.runtime.fluid.SolidRuntimeTest" tests="8" skipped="0" failures="0" errors="0" timestamp="2026-09-26T05:18:17.861Z" hostname="WORMZ-PC" time="0.227">
  <properties/>
  <testcase name="drySolidInventoryCanBeStoredSavedAndRemainStationary()" classname="com.wormzjl.createcheme.runtime.fluid.SolidRuntimeTest" time="0.003"/>
  <testcase name="filterAndParticlesRoundTripAndCapacityChangesDoNotLoseStock()" classname="com.wormzjl.createcheme.runtime.fluid.SolidRuntimeTest" time="0.008"/>
  <testcase name="disconnectedFilterRetainsItsCakeInAZeroFlowIsland()" classname="com.wormzjl.createcheme.runtime.fluid.SolidRuntimeTest" time="0.002"/>
  <testcase name="generatorUsesSlurryVolumeFractionWithoutChangingTheFluidAxis()" classname="com.wormzjl.createcheme.runtime.fluid.SolidRuntimeTest" time="0.001"/>
  <testcase name="aClosedConnectionTellsTheDeviceStatusWhichReasonStoppedIt()" classname="com.wormzjl.createcheme.runtime.fluid.SolidRuntimeTest" time="0.025"/>
  <testcase name="unrelatedSolidDefinitionsDoNotChangeTheFluidBasis()" classname="com.wormzjl.createcheme.runtime.fluid.SolidRuntimeTest" time="0.054"/>
  <testcase name="solidOnlyParcelsConserveEnergyAndRefuseUndefinedSplits()" classname="com.wormzjl.createcheme.runtime.fluid.SolidRuntimeTest" time="0.001"/>
  <testcase name="physicalPumpFilterAndNitrogenReceiverStartTogether()" classname="com.wormzjl.createcheme.runtime.fluid.SolidRuntimeTest" time="0.102"/>
  <system-out><![CDATA[]]></system-out>
  <system-err><![CDATA[]]></system-err>
</testsuite>
