<?xml version="1.0" encoding="UTF-8"?>
<testsuite name="com.wormzjl.createcheme.science.fluid.network.NetworkRegimeTest" tests="9" skipped="0" failures="0" errors="0" timestamp="2026-09-25T06:39:52.026Z" hostname="WORMZ-PC" time="0.353">
  <properties/>
  <testcase name="twoDifferentFeedsMixAtAZeroHoldupJunction()" classname="com.wormzjl.createcheme.science.fluid.network.NetworkRegimeTest" time="0.003"/>
  <testcase name="cancellationCannotLeavePartialTransfersAndExcessVelocityIsConservativelyLimited()" classname="com.wormzjl.createcheme.science.fluid.network.NetworkRegimeTest" time="0.021"/>
  <testcase name="pumpShutoffUsesAddedPressureAndTankRecycleIsAllowed()" classname="com.wormzjl.createcheme.science.fluid.network.NetworkRegimeTest" time="0.057"/>
  <testcase name="hydrocarbonLiquidCanDisappearIntoTheSharedGasPhase()" classname="com.wormzjl.createcheme.science.fluid.network.NetworkRegimeTest" time="0.022"/>
  <testcase name="reversingOneFeedSwitchesJunctionUpwindingAndSerialValvesRemainSolvable()" classname="com.wormzjl.createcheme.science.fluid.network.NetworkRegimeTest" time="0.009"/>
  <testcase name="serialSectionsPreserveIndependentLaminarAndFittingLosses()" classname="com.wormzjl.createcheme.science.fluid.network.NetworkRegimeTest" time="0.001"/>
  <testcase name="bypassCanPreventAValveFromMaintainingItsUpstreamSetpoint()" classname="com.wormzjl.createcheme.science.fluid.network.NetworkRegimeTest" time="0.096"/>
  <testcase name="aRejectedTrialRestartsFromTheSameConservedStateAtTheSmallerStep()" classname="com.wormzjl.createcheme.science.fluid.network.NetworkRegimeTest" time="0.006"/>
  <testcase name="hotNitrogenCanEvaporateTheLastFreeWaterWithoutDiscardingIt()" classname="com.wormzjl.createcheme.science.fluid.network.NetworkRegimeTest" time="0.075"/>
  <system-out><![CDATA[]]></system-out>
  <system-err><![CDATA[]]></system-err>
</testsuite>
