<?xml version="1.0" encoding="UTF-8"?>
<testsuite name="com.wormzjl.createcheme.science.fluid.network.ScheduledTransferEstimatorTest" tests="2" skipped="0" failures="0" errors="0" timestamp="2026-09-25T06:39:54.674Z" hostname="WORMZ-PC" time="0.237">
  <properties/>
  <testcase name="changingGasCompositionAndWithdrawnEnergyMatchTighterStepDoubling()" classname="com.wormzjl.createcheme.science.fluid.network.ScheduledTransferEstimatorTest" time="0.073"/>
  <testcase name="wetCrudePipeAndSimultaneousModuleBoundariesMatchTighterStepDoubling()" classname="com.wormzjl.createcheme.science.fluid.network.ScheduledTransferEstimatorTest" time="0.16"/>
  <system-out><![CDATA[]]></system-out>
  <system-err><![CDATA[]]></system-err>
</testsuite>
