<?xml version="1.0" encoding="UTF-8"?>
<testsuite name="com.wormzjl.createcheme.science.fluid.network.FlowControlTest" tests="3" skipped="0" failures="0" errors="0" timestamp="2026-09-25T06:39:51.619Z" hostname="WORMZ-PC" time="0.029">
  <properties/>
  <testcase name="pressureValveClosesBelowTargetAndRegulatesAboveIt()" classname="com.wormzjl.createcheme.science.fluid.network.FlowControlTest" time="0.01"/>
  <testcase name="naturalFlowIsLimitedWithoutInventedPumpWorkAndOpposingHeadShutsThePump()" classname="com.wormzjl.createcheme.science.fluid.network.FlowControlTest" time="0.004"/>
  <testcase name="pumpMeetsItsSuctionFlowTargetAndAccountsForAddedEnergy()" classname="com.wormzjl.createcheme.science.fluid.network.FlowControlTest" time="0.003"/>
  <system-out><![CDATA[]]></system-out>
  <system-err><![CDATA[]]></system-err>
</testsuite>
