<?xml version="1.0" encoding="UTF-8"?>
<testsuite name="com.wormzjl.createcheme.science.column.v3.V3BubblePointPreconditionerTest" tests="2" skipped="0" failures="0" errors="0" timestamp="2026-09-24T04:45:52.642Z" hostname="WORMZ-PC" time="0.025">
  <properties/>
  <testcase name="producesAFinitePreparedCandidateFromTheExistingMaterialClosedSeed()" classname="com.wormzjl.createcheme.science.column.v3.V3BubblePointPreconditionerTest" time="0.012"/>
  <testcase name="cancellationEscapesRatherThanBecomingAPreconditionerFailure()" classname="com.wormzjl.createcheme.science.column.v3.V3BubblePointPreconditionerTest" time="0.013"/>
  <system-out><![CDATA[]]></system-out>
  <system-err><![CDATA[]]></system-err>
</testsuite>
