<?xml version="1.0" encoding="UTF-8"?>
<testsuite name="com.wormzjl.createcheme.science.column.v3.V3RequestedRecoveryTest" tests="1" skipped="0" failures="0" errors="0" timestamp="2026-09-24T04:46:33.072Z" hostname="WORMZ-PC" time="22.8">
  <properties/>
  <testcase name="coarseRecoveryNeverPublishesTheDrySurrogateForAnAuthoredFeatureRequest()" classname="com.wormzjl.createcheme.science.column.v3.V3RequestedRecoveryTest" time="22.8"/>
  <system-out><![CDATA[]]></system-out>
  <system-err><![CDATA[]]></system-err>
</testsuite>
