<?xml version="1.0" encoding="UTF-8"?>
<testsuite name="com.wormzjl.createcheme.science.column.v3.V3ActiveComponentBasisTest" tests="1" skipped="0" failures="0" errors="0" timestamp="2026-09-24T04:45:49.955Z" hostname="WORMZ-PC" time="0.001">
  <properties/>
  <testcase name="exactZeroPublicComponentsAreRemovedFromTheNumericalLedgerAndRetainStablePublicIndices()" classname="com.wormzjl.createcheme.science.column.v3.V3ActiveComponentBasisTest" time="0.001"/>
  <system-out><![CDATA[]]></system-out>
  <system-err><![CDATA[]]></system-err>
</testsuite>
