<?xml version="1.0" encoding="UTF-8"?>
<testsuite name="com.wormzjl.createcheme.science.column.v3.V3ColumnInputTest" tests="4" skipped="0" failures="0" errors="0" timestamp="2026-09-24T04:45:57.621Z" hostname="WORMZ-PC" time="0.001">
  <properties/>
  <testcase name="resolutionGeneratesTheOnlyPermittedPressureProfileAndDigestIsStable()" classname="com.wormzjl.createcheme.science.column.v3.V3ColumnInputTest" time="0.0"/>
  <testcase name="inputDefensivelyCopiesMutableFeedAndSpecificationRepresentations()" classname="com.wormzjl.createcheme.science.column.v3.V3ColumnInputTest" time="0.0"/>
  <testcase name="resolverRejectsUnsupportedSchemaAndFeedOutsideTheEquilibriumTrayRange()" classname="com.wormzjl.createcheme.science.column.v3.V3ColumnInputTest" time="0.001"/>
  <testcase name="outcomeContractNeverPermitsAFailedAcceptanceAuditToPublishSuccess()" classname="com.wormzjl.createcheme.science.column.v3.V3ColumnInputTest" time="0.0"/>
  <system-out><![CDATA[]]></system-out>
  <system-err><![CDATA[]]></system-err>
</testsuite>
