<?xml version="1.0" encoding="UTF-8"?>
<testsuite name="com.wormzjl.createcheme.science.column.v3.V3SideDrawContractTest" tests="5" skipped="0" failures="0" errors="0" timestamp="2026-09-24T04:47:10.755Z" hostname="WORMZ-PC" time="0.003">
  <properties/>
  <testcase name="resolverRejectsBoundaryNodesAndCalculatorReportsGlobalInfeasibility()" classname="com.wormzjl.createcheme.science.column.v3.V3SideDrawContractTest" time="0.001"/>
  <testcase name="validatesRatesAndCanonicalizesAnImmutableDistinctTrayList()" classname="com.wormzjl.createcheme.science.column.v3.V3SideDrawContractTest" time="0.001"/>
  <testcase name="drawParametersWidenNeighborReferencesWithoutChangingDegreesOfFreedom()" classname="com.wormzjl.createcheme.science.column.v3.V3SideDrawContractTest" time="0.001"/>
  <testcase name="emptyDrawListPreservesTheLegacyDigestByteStream()" classname="com.wormzjl.createcheme.science.column.v3.V3SideDrawContractTest" time="0.0"/>
  <testcase name="intermediateStageGeometryMapsOnlyTheFeedAndStripsAuthoredDraws()" classname="com.wormzjl.createcheme.science.column.v3.V3SideDrawContractTest" time="0.0"/>
  <system-out><![CDATA[]]></system-out>
  <system-err><![CDATA[]]></system-err>
</testsuite>
