<?xml version="1.0" encoding="UTF-8"?>
<testsuite name="com.wormzjl.createcheme.science.column.v3.thermo.V3FeedFlashEquivalenceTest" tests="2" skipped="0" failures="0" errors="0" timestamp="2026-09-24T04:47:57.537Z" hostname="WORMZ-PC" time="0.07">
  <properties/>
  <testcase name="completeFlashAndFailureOutcomesMatchFrozenMain()" classname="com.wormzjl.createcheme.science.column.v3.thermo.V3FeedFlashEquivalenceTest" time="0.034"/>
  <testcase name="rootMatchesFrozenHundredStepAlgorithmIncludingEndpointsAndInvalidInputs()" classname="com.wormzjl.createcheme.science.column.v3.thermo.V3FeedFlashEquivalenceTest" time="0.036"/>
  <system-out><![CDATA[]]></system-out>
  <system-err><![CDATA[]]></system-err>
</testsuite>
