<?xml version="1.0" encoding="UTF-8"?>
<testsuite name="com.wormzjl.createcheme.science.column.v3.V3StructuralMatchingOracleTest" tests="1" skipped="0" failures="0" errors="0" timestamp="2026-09-24T04:47:17.369Z" hostname="WORMZ-PC" time="0.002">
  <properties/>
  <testcase name="matchingAgreesWithExhaustiveSubsetOracleForSparseAndDeficientGraphs()" classname="com.wormzjl.createcheme.science.column.v3.V3StructuralMatchingOracleTest" time="0.002"/>
  <system-out><![CDATA[]]></system-out>
  <system-err><![CDATA[]]></system-err>
</testsuite>
