<?xml version="1.0" encoding="UTF-8"?>
<testsuite name="com.wormzjl.createcheme.science.column.v3.V3BundledRegroupedModelTest" tests="1" skipped="0" failures="0" errors="0" timestamp="2026-09-24T04:45:52.668Z" hostname="WORMZ-PC" time="0.266">
  <properties/>
  <testcase name="packagedWeightsAndDecoderMatchIndependentFloat64Fixtures()" classname="com.wormzjl.createcheme.science.column.v3.V3BundledRegroupedModelTest" time="0.266"/>
  <system-out><![CDATA[]]></system-out>
  <system-err><![CDATA[]]></system-err>
</testsuite>
