<?xml version="1.0" encoding="UTF-8"?>
<testsuite name="com.wormzjl.createcheme.science.column.v3.linalg.V3BandedWorkspaceTest" tests="1" skipped="0" failures="0" errors="0" timestamp="2026-09-24T04:47:22.101Z" hostname="WORMZ-PC" time="0.0">
  <properties/>
  <testcase name="clearingShapeChangesAndFailedSolvesCannotLeakIntoLaterCorrectionsOrEarlierResults()" classname="com.wormzjl.createcheme.science.column.v3.linalg.V3BandedWorkspaceTest" time="0.0"/>
  <system-out><![CDATA[]]></system-out>
  <system-err><![CDATA[]]></system-err>
</testsuite>
