<?xml version="1.0" encoding="UTF-8"?>
<testsuite name="com.wormzjl.createcheme.runtime.fluid.RetainedSolverTest" tests="3" skipped="0" failures="1" errors="0" timestamp="2026-09-26T07:45:58.779Z" hostname="WORMZ-PC" time="0.073">
  <properties/>
  <testcase name="aRetainedSolverIsExclusiveAndIsHandedBackAfterEveryOutcome()" classname="com.wormzjl.createcheme.runtime.fluid.RetainedSolverTest" time="0.02"/>
  <testcase name="sharingTheIslandSolverWithTheModulePlannerNeverCostsMoreWork()" classname="com.wormzjl.createcheme.runtime.fluid.RetainedSolverTest" time="0.029"/>
  <testcase name="aRetainedSolverReusesItsStructureAcrossTheIntervalBoundary()" classname="com.wormzjl.createcheme.runtime.fluid.RetainedSolverTest" time="0.023">
    <failure message="org.opentest4j.AssertionFailedError: carried vs fresh Jacobian builds ==&gt; expected: &lt;1&gt; but was: &lt;2&gt;" type="org.opentest4j.AssertionFailedError">org.opentest4j.AssertionFailedError: carried vs fresh Jacobian builds ==&gt; expected: &lt;1&gt; but was: &lt;2&gt;
	at app//org.junit.jupiter.api.AssertionFailureBuilder.build(AssertionFailureBuilder.java:151)
	at app//org.junit.jupiter.api.AssertionFailureBuilder.buildAndThrow(AssertionFailureBuilder.java:132)
	at app//org.junit.jupiter.api.AssertEquals.failNotEqual(AssertEquals.java:197)
	at app//org.junit.jupiter.api.AssertEquals.assertEquals(AssertEquals.java:166)
	at app//org.junit.jupiter.api.Assertions.assertEquals(Assertions.java:664)
	at app//com.wormzjl.createcheme.runtime.fluid.RetainedSolverTest.aRetainedSolverReusesItsStructureAcrossTheIntervalBoundary(RetainedSolverTest.java:34)
	at java.base@21.0.11/java.lang.reflect.Method.invoke(Method.java:580)
	at java.base@21.0.11/java.util.ArrayList.forEach(ArrayList.java:1596)
	at java.base@21.0.11/java.util.ArrayList.forEach(ArrayList.java:1596)
</failure>
  </testcase>
  <system-out><![CDATA[WP1MEASURE retained carried={stateCalls=24, newtonStepEvaluationsFresh=2, newtonSolves=3, stepAttemptsAccepted=3, workspaceBuilds=0, newtonRefreshesAged=0, jacobianBuilds=2, luSolves=6, luSupersededFactorizations=0, reconstructNanos=67200, newtonStepEvaluationsStale=4, reconstructCalls=3, stepAttempts=3, traceReactivations=0, newtonSolvesPreconditioned=1, stateCallsInJacobian=6, verificationResiduals=3, luChecks=5, newtonIterationsFresh=2, luOrderings=0, luFactorNanos=26000, newtonIterations=6, solidTransitionRejections=0, jacobianBlockBuilds=2, residualEvaluationsInJacobian=0, newtonIterationsStale=4, transportOrderingNanos=0, workspaceReuses=3, solidMomentProjectionsAtAcceptedPoints=0, newtonRefreshesStalled=0, transportSolveNanos=5500, activeSetPasses=3, truncatedNodePasses=0, newtonBacktracks=0, luOrderingNanos=0, jacobianNonzeros=22, flashCalls=3, transportFactorizations=3, transportFactorNanos=2900, jacobianBlockFallbacks=0, transportSolves=63, newtonMeritProbes=0, transportOrderings=0, jacobianColors=8, solidMomentProjections=0, luRefinements=0, newtonIterationsPreconditioned=2, temperatureTermsCalls=14, jacobianBlockColumns=8, luFactorizations=2, implicitSolves=3, luSolveNanos=13800, traceOmittedUnknowns=0, luStorages=0, residualEvaluations=9, newtonRefreshesFailed=0} cold={stateCalls=25, newtonStepEvaluationsFresh=1, newtonSolves=3, stepAttemptsAccepted=3, workspaceBuilds=2, newtonRefreshesAged=0, jacobianBuilds=1, luSolves=10, luSupersededFactorizations=0, reconstructNanos=58500, newtonStepEvaluationsStale=9, reconstructCalls=3, stepAttempts=3, traceReactivations=0, newtonSolvesPreconditioned=2, stateCallsInJacobian=3, verificationResiduals=3, luChecks=4, newtonIterationsFresh=1, luOrderings=1, luFactorNanos=7900, newtonIterations=10, solidTransitionRejections=0, jacobianBlockBuilds=1, residualEvaluationsInJacobian=0, newtonIterationsStale=9, transportOrderingNanos=100, workspaceReuses=1, solidMomentProjectionsAtAcceptedPoints=0, newtonRefreshesStalled=0, transportSolveNanos=5400, activeSetPasses=3, truncatedNodePasses=0, newtonBacktracks=0, luOrderingNanos=1400, jacobianNonzeros=11, flashCalls=3, transportFactorizations=3, transportFactorNanos=4800, jacobianBlockFallbacks=0, transportSolves=63, newtonMeritProbes=0, transportOrderings=1, jacobianColors=4, solidMomentProjections=0, luRefinements=0, newtonIterationsPreconditioned=8, temperatureTermsCalls=17, jacobianBlockColumns=4, luFactorizations=1, implicitSolves=3, luSolveNanos=25900, traceOmittedUnknowns=0, luStorages=2, residualEvaluations=13, newtonRefreshesFailed=0} accepted=3/3
]]></system-out>
  <system-err><![CDATA[]]></system-err>
</testsuite>
