<?xml version="1.0" encoding="UTF-8"?>
<testsuite name="com.wormzjl.createcheme.runtime.fluid.FluidPropertyReloadGuardTest" tests="2" skipped="0" failures="0" errors="0" timestamp="2026-09-26T05:07:11.691Z" hostname="WORMZ-PC" time="0.077">
  <properties/>
  <testcase name="metadataOnlyReloadKeepsQualifiedScienceAndNumericalChangeWithoutRevisionBumpHolds()" classname="com.wormzjl.createcheme.runtime.fluid.FluidPropertyReloadGuardTest" time="0.057"/>
  <testcase name="viscosityOnlyChangeInvalidatesThePinnedFluidModel()" classname="com.wormzjl.createcheme.runtime.fluid.FluidPropertyReloadGuardTest" time="0.02"/>
  <system-out><![CDATA[]]></system-out>
  <system-err><![CDATA[]]></system-err>
</testsuite>
