<?xml version="1.0" encoding="UTF-8"?>
<testsuite name="com.wormzjl.createcheme.runtime.fluid.PresentationBucketTest" tests="10" skipped="0" failures="0" errors="0" timestamp="2026-09-26T08:08:35.271Z" hostname="WORMZ-PC" time="0.154">
  <properties/>
  <testcase name="aMenuFollowsItsDeviceToItsNewIslandsBucket()" classname="com.wormzjl.createcheme.runtime.fluid.PresentationBucketTest" time="0.007"/>
  <testcase name="firstRequestedOpeningReplaysLastBucketWithoutAnyScienceWorkOrDeadlineShift()" classname="com.wormzjl.createcheme.runtime.fluid.PresentationBucketTest" time="0.002"/>
  <testcase name="cachedReplayDoesNotConsumePendingInputRepliesOrUseANewerUnpublishedRevision()" classname="com.wormzjl.createcheme.runtime.fluid.PresentationBucketTest" time="0.003"/>
  <testcase name="aPresentationReadStopsShortOfAWakeAndNeverWakesTheIsland()" classname="com.wormzjl.createcheme.runtime.fluid.PresentationBucketTest" time="0.004"/>
  <testcase name="presentationCostsNothingPerTickUnlessABucketHasWork()" classname="com.wormzjl.createcheme.runtime.fluid.PresentationBucketTest" time="0.005"/>
  <testcase name="anInputIsAnsweredOnTheFollowingBucketAndNeverBefore()" classname="com.wormzjl.createcheme.runtime.fluid.PresentationBucketTest" time="0.003"/>
  <testcase name="scientificProgressIsIdenticalWithAndWithoutViewers()" classname="com.wormzjl.createcheme.runtime.fluid.PresentationBucketTest" time="0.079"/>
  <testcase name="openMenusReceiveOneLivePayloadPerBucketAndTheStaticPartOnlyWhenTheRevisionChanges()" classname="com.wormzjl.createcheme.runtime.fluid.PresentationBucketTest" time="0.012"/>
  <testcase name="noPublishedSnapshotOrNoActiveRequestCannotTriggerAReplayOrNewView()" classname="com.wormzjl.createcheme.runtime.fluid.PresentationBucketTest" time="0.001"/>
  <testcase name="loadedDevicesArePresentedOnTheirIslandsBucketAndUnloadedOnesNever()" classname="com.wormzjl.createcheme.runtime.fluid.PresentationBucketTest" time="0.012"/>
  <system-out><![CDATA[]]></system-out>
  <system-err><![CDATA[]]></system-err>
</testsuite>
