<?xml version="1.0" encoding="UTF-8"?>
<testsuite name="com.wormzjl.createcheme.runtime.fluid.BufferedTransfersTest" tests="4" skipped="0" failures="0" errors="0" timestamp="2026-09-26T04:56:09.477Z" hostname="WORMZ-PC" time="0.007">
  <properties/>
  <testcase name="reservationsCannotHideUnlimitedCapacityAndRestartPreservesThem()" classname="com.wormzjl.createcheme.runtime.fluid.BufferedTransfersTest" time="0.002"/>
  <testcase name="partialDeliveryAtomicallyConvertsReservedCapacityToOccupancyAndConservesMaterial()" classname="com.wormzjl.createcheme.runtime.fluid.BufferedTransfersTest" time="0.001"/>
  <testcase name="backpressureStopsImmediatelyAndResumesOnlyAtBothThresholds()" classname="com.wormzjl.createcheme.runtime.fluid.BufferedTransfersTest" time="0.003"/>
  <testcase name="failedOrStalePhysicalProposalCannotConsumeAnyReservationOrPendingPortion()" classname="com.wormzjl.createcheme.runtime.fluid.BufferedTransfersTest" time="0.001"/>
  <system-out><![CDATA[]]></system-out>
  <system-err><![CDATA[]]></system-err>
</testsuite>
