<?xml version="1.0" encoding="UTF-8"?>
<testsuite name="com.wormzjl.createcheme.science.fluid.network.HydraulicMatrixQualificationTest" tests="4" skipped="0" failures="0" errors="0" timestamp="2026-09-25T06:01:25.230Z" hostname="WORMZ-PC" time="0.025">
  <properties/>
  <testcase name="equalStateGasAndLiquidNetworksRemainAtRest()" classname="com.wormzjl.createcheme.science.fluid.network.HydraulicMatrixQualificationTest" time="0.003"/>
  <testcase name="hydrostaticRestAndReversedElevationUseTheSameGravityEnergyLedger()" classname="com.wormzjl.createcheme.science.fluid.network.HydraulicMatrixQualificationTest" time="0.001"/>
  <testcase name="unequalParallelPipesMatchIndependentLaminarFlowForGasAndLiquid()" classname="com.wormzjl.createcheme.science.fluid.network.HydraulicMatrixQualificationTest" time="0.0"/>
  <testcase name="recordedRandomGraphsPreserveBalancePositivityAndOrderIndependentTrajectories()" classname="com.wormzjl.createcheme.science.fluid.network.HydraulicMatrixQualificationTest" time="0.012"/>
  <system-out><![CDATA[]]></system-out>
  <system-err><![CDATA[]]></system-err>
</testsuite>
