<?xml version="1.0" encoding="UTF-8"?>
<testsuite name="com.wormzjl.createcheme.science.fluid.thermo.LiquidCompressionQualificationTest" tests="1" skipped="0" failures="0" errors="0" timestamp="2026-09-25T15:44:52.611Z" hostname="WORMZ-PC" time="0.003">
  <properties/>
  <testcase name="recordsThePrCompressionAuditAndChecksCalibratedDensity()" classname="com.wormzjl.createcheme.science.fluid.thermo.LiquidCompressionQualificationTest" time="0.003"/>
  <system-out><![CDATA[]]></system-out>
  <system-err><![CDATA[]]></system-err>
</testsuite>
