<?xml version="1.0" encoding="UTF-8"?>
<testsuite name="com.wormzjl.createcheme.runtime.fluid.RuntimeHarnessTest" tests="2" skipped="0" failures="0" errors="0" timestamp="2026-09-25T15:44:46.252Z" hostname="WORMZ-PC" time="0.003">
  <properties/>
  <testcase name="deadlinesCanBeDrivenWithoutSleepingOrMovingTimeBackward()" classname="com.wormzjl.createcheme.runtime.fluid.RuntimeHarnessTest" time="0.001"/>
  <testcase name="detectsDuplicatePortionsWhileAllowingSuccessivePartialDeliveries()" classname="com.wormzjl.createcheme.runtime.fluid.RuntimeHarnessTest" time="0.002"/>
  <system-out><![CDATA[]]></system-out>
  <system-err><![CDATA[]]></system-err>
</testsuite>
