<?xml version="1.0" encoding="UTF-8"?>
<testsuite name="com.wormzjl.createcheme.science.fluid.network.EmptyNetworkTest" tests="2" skipped="0" failures="0" errors="0" timestamp="2026-09-26T07:00:36.362Z" hostname="WORMZ-PC" time="0.006">
  <properties/>
  <testcase name="unsupportedVacuumFillingIsExplicitAndCannotPublishOutflowFromTheRetainedGuess()" classname="com.wormzjl.createcheme.science.fluid.network.EmptyNetworkTest" time="0.002"/>
  <testcase name="isolatedEvacuatedReservoirAdvancesWithoutEosEvaluationOrInventedGas()" classname="com.wormzjl.createcheme.science.fluid.network.EmptyNetworkTest" time="0.001"/>
  <system-out><![CDATA[]]></system-out>
  <system-err><![CDATA[]]></system-err>
</testsuite>
