<?xml version="1.0" encoding="UTF-8"?>
<testsuite name="com.wormzjl.createcheme.science.fluid.network.TrBdf2Test" tests="5" skipped="0" failures="0" errors="0" timestamp="2026-09-26T07:00:37.459Z" hostname="WORMZ-PC" time="0.148">
  <properties/>
  <testcase name="valveTransitionMatchesRefinedBackwardEulerWithoutFlowAfterClosure()" classname="com.wormzjl.createcheme.science.fluid.network.TrBdf2Test" time="0.049"/>
  <testcase name="pumpWorkIncludesAllStagesAndElevationEnergy()" classname="com.wormzjl.createcheme.science.fluid.network.TrBdf2Test" time="0.002"/>
  <testcase name="embeddedControlAgreesWithStepDoublingAndFixedStepsShowSecondOrder()" classname="com.wormzjl.createcheme.science.fluid.network.TrBdf2Test" time="0.076"/>
  <testcase name="waterAppearanceConservesNitrogenAndTheIntegratedBoundaryLedger()" classname="com.wormzjl.createcheme.science.fluid.network.TrBdf2Test" time="0.005"/>
  <testcase name="sourceAndVoidKeepSeparateNonzeroLedgersDespiteZeroNetTransfer()" classname="com.wormzjl.createcheme.science.fluid.network.TrBdf2Test" time="0.002"/>
  <system-out><![CDATA[]]></system-out>
  <system-err><![CDATA[]]></system-err>
</testsuite>
