<?xml version="1.0" encoding="UTF-8"?>
<testsuite name="com.wormzjl.createcheme.science.fluid.network.TraceTruncationStepTest" tests="3" skipped="0" failures="0" errors="0" timestamp="2026-09-26T07:00:37.612Z" hostname="WORMZ-PC" time="0.021">
  <properties/>
  <testcase name="theStepSolverCountsTheUnknownsItOmitsAndNoneAtTheOffSwitch()" classname="com.wormzjl.createcheme.science.fluid.network.TraceTruncationStepTest" time="0.004"/>
  <testcase name="aTruncatedStepConservesEveryComponentExactlyAndAgreesWithTheExactUnknownSet()" classname="com.wormzjl.createcheme.science.fluid.network.TraceTruncationStepTest" time="0.004"/>
  <testcase name="aTraceThatStopsBeingOneIsReactivatedInsideTheActiveSetLoop()" classname="com.wormzjl.createcheme.science.fluid.network.TraceTruncationStepTest" time="0.003"/>
  <system-out><![CDATA[]]></system-out>
  <system-err><![CDATA[]]></system-err>
</testsuite>
