<?xml version="1.0" encoding="UTF-8"?>
<testsuite name="com.wormzjl.createcheme.runtime.FluidThermoDomainHoldTest" tests="1" skipped="0" failures="0" errors="0" timestamp="2026-09-24T05:33:28.336Z" hostname="WORMZ-PC" time="1.987">
  <properties/>
  <testcase name="aReproducibleDomainFailureHoldsWithTheDedicatedStatusAndWaitsForAnInputChange()" classname="com.wormzjl.createcheme.runtime.FluidThermoDomainHoldTest" time="1.987"/>
  <system-out><![CDATA[thermo-domain hold: HELD (thermo domain): Nitrogen at 298.04999999999995 K is below 298.05 K in pump at 1, 64, 0 (valid 298.05..900 K, package createcheme:tjl20_methane_nitrogen); the retry failed the same way, so the island waits for a change to its network | [Thermo domain: Nitrogen at 298.04999999999995 K is below its valid range 298.05..900 K (package createcheme:tjl20_methane_nitrogen) at node 2; the state cannot be evaluated | pump at 1, 64, 0]
]]></system-out>
  <system-err><![CDATA[]]></system-err>
</testsuite>
