<?xml version="1.0" encoding="UTF-8"?>
<testsuite name="com.wormzjl.createcheme.science.fluid.network.PipeTransferTest" tests="4" skipped="0" failures="0" errors="0" timestamp="2026-09-25T15:47:53.128Z" hostname="WORMZ-PC" time="0.069">
  <properties/>
  <testcase name="reversalKeepsBothDonorCompositionsAndBoundsTheHistorySize()" classname="com.wormzjl.createcheme.science.fluid.network.PipeTransferTest" time="0.001"/>
  <testcase name="allCrudeGeneratorsSupplyFiniteFlowAtTheExactAmbientLimit()" classname="com.wormzjl.createcheme.science.fluid.network.PipeTransferTest" time="0.026"/>
  <testcase name="integratedThreePhaseHistoryMatchesTheConservativeTankInventoryChange()" classname="com.wormzjl.createcheme.science.fluid.network.PipeTransferTest" time="0.005"/>
  <testcase name="allRegroupedCrudesAndMixedDonorsConserveInventoryAtAmbientAndHeatedStates()" classname="com.wormzjl.createcheme.science.fluid.network.PipeTransferTest" time="0.025"/>
  <system-out><![CDATA[]]></system-out>
  <system-err><![CDATA[]]></system-err>
</testsuite>
