<?xml version="1.0" encoding="UTF-8"?>
<testsuite name="com.wormzjl.createcheme.runtime.fluid.FullTankSolidsEventTest" tests="4" skipped="0" failures="1" errors="0" timestamp="2026-09-25T15:47:42.980Z" hostname="WORMZ-PC" time="0.356">
  <properties/>
  <testcase name="theFilterCapturesOnceTheDrainedTankLetsTheLineFlow()" classname="com.wormzjl.createcheme.runtime.fluid.FullTankSolidsEventTest" time="0.156">
    <failure message="org.opentest4j.AssertionFailedError: and reach its capacity ==&gt; expected: &lt;true&gt; but was: &lt;false&gt;" type="org.opentest4j.AssertionFailedError">org.opentest4j.AssertionFailedError: and reach its capacity ==&gt; expected: &lt;true&gt; but was: &lt;false&gt;
	at app//org.junit.jupiter.api.AssertionFailureBuilder.build(AssertionFailureBuilder.java:151)
	at app//org.junit.jupiter.api.AssertionFailureBuilder.buildAndThrow(AssertionFailureBuilder.java:132)
	at app//org.junit.jupiter.api.AssertTrue.failNotTrue(AssertTrue.java:63)
	at app//org.junit.jupiter.api.AssertTrue.assertTrue(AssertTrue.java:36)
	at app//org.junit.jupiter.api.Assertions.assertTrue(Assertions.java:214)
	at app//com.wormzjl.createcheme.runtime.fluid.FullTankSolidsEventTest.theFilterCapturesOnceTheDrainedTankLetsTheLineFlow(FullTankSolidsEventTest.java:240)
	at java.base@21.0.11/java.lang.reflect.Method.invoke(Method.java:580)
	at java.base@21.0.11/java.util.ArrayList.forEach(ArrayList.java:1596)
	at java.base@21.0.11/java.util.ArrayList.forEach(ArrayList.java:1596)
</failure>
  </testcase>
  <testcase name="aCompiledJunctionCarriesTheBoundarysPropertiesAndNoneOfItsStock()" classname="com.wormzjl.createcheme.runtime.fluid.FullTankSolidsEventTest" time="0.001"/>
  <testcase name="aSolidsFeedAppliedToAFullTankKeepsTheIslandIntegrating()" classname="com.wormzjl.createcheme.runtime.fluid.FullTankSolidsEventTest" time="0.101"/>
  <testcase name="asecondConfigurationEventPutsTheFeedBackToZero()" classname="com.wormzjl.createcheme.runtime.fluid.FullTankSolidsEventTest" time="0.089"/>
  <system-out><![CDATA[(iii) OK 40 intervals (tank drawn down through a void)
  node[0] id=1 GENERATOR P=400000.0 mass=1071.4906085273121 solidKg=125.0 storedSolidKg=125.0
  node[1] id=3 JUNCTION P=399543.26375365886 mass=1071.490603202038 solidKg=124.99999467472553 storedSolidKg=1.1410750933146614
  node[2] id=5 RESERVOIR P=101324.99974438723 mass=510.59521102005795 solidKg=0.0 storedSolidKg=0.0
  node[3] id=7 VOID P=101325.0 mass=1.145353086183201 solidKg=0.0 storedSolidKg=0.0
  node[4] id=-3 JUNCTION P=101887.84012222516 mass=946.4906085273125 solidKg=0.0 storedSolidKg=0.0
  pipe 0->1 plain
  pipe 4->2 plain
  pipe 2->3 plain
  pipe 1->4 filter captured=24.999999999975007
(i) freshly activated slurry filter line:
  node[0] id=1 GENERATOR P=400000.0 mass=1071.4906085273121 solidKg=125.0 storedSolidKg=125.0
  node[1] id=3 JUNCTION P=400000.0 mass=946.4906085273121 solidKg=0.0 storedSolidKg=0.0
  node[2] id=5 RESERVOIR P=101325.0 mass=1.145353086183201 solidKg=0.0 storedSolidKg=0.0
  node[3] id=-3 JUNCTION P=400000.0 mass=946.4906085273121 solidKg=0.0 storedSolidKg=0.0
  pipe 0->1 plain
  pipe 3->2 plain
  pipe 1->3 filter captured=0.0
(ii) island rebuilt by the configuration event:
  node[0] id=1 GENERATOR P=400000.0 mass=1071.4906085273121 solidKg=125.0 storedSolidKg=125.0
  node[1] id=3 JUNCTION P=400000.0 mass=946.4906085273121 solidKg=0.0 storedSolidKg=0.0
  node[2] id=5 RESERVOIR P=399999.9999775692 mass=743.1612562437657 solidKg=0.0 storedSolidKg=0.0
  node[3] id=-3 JUNCTION P=400000.0 mass=946.4906085273121 solidKg=0.0 storedSolidKg=0.0
  pipe 0->1 plain
  pipe 3->2 plain
  pipe 1->3 filter captured=0.0
(ii) OK 20 intervals (5 % solids onto a full tank)
(control) OK 20 intervals (in-place boundary swap)
(iv) OK 20 intervals (feed back to 0 %)
  node[0] id=1 GENERATOR P=400000.0 mass=996.3059037129602 solidKg=0.0 storedSolidKg=0.0
  node[1] id=3 JUNCTION P=400000.0 mass=996.3059037129602 solidKg=0.0 storedSolidKg=0.0
  node[2] id=5 RESERVOIR P=400000.0013226002 mass=743.1612562437657 solidKg=0.0 storedSolidKg=0.0
  node[3] id=-3 JUNCTION P=400000.0 mass=996.3059037129602 solidKg=0.0 storedSolidKg=0.0
  pipe 0->1 plain
  pipe 3->2 plain
  pipe 1->3 filter captured=0.0
]]></system-out>
  <system-err><![CDATA[]]></system-err>
</testsuite>
