<?xml version="1.0" encoding="UTF-8"?>
<testsuite name="com.wormzjl.createcheme.runtime.fluid.PipePresentationTest" tests="3" skipped="0" failures="0" errors="0" timestamp="2026-09-25T05:19:55.806Z" hostname="WORMZ-PC" time="0.089">
  <properties/>
  <testcase name="aStraightPipeAutomaticallyShowsReverseFlowAndPreservesBothDirectionsOfAReversal()" classname="com.wormzjl.createcheme.runtime.fluid.PipePresentationTest" time="0.004"/>
  <testcase name="fourFiveAndSixEquipmentConnectionsBalanceWithoutDuplicatingDisplayedThroughput()" classname="com.wormzjl.createcheme.runtime.fluid.PipePresentationTest" time="0.071"/>
  <testcase name="anUnsolvedPipeHasZeroTransportButStillHasAPressureReading()" classname="com.wormzjl.createcheme.runtime.fluid.PipePresentationTest" time="0.002"/>
  <system-out><![CDATA[]]></system-out>
  <system-err><![CDATA[]]></system-err>
</testsuite>
