<?xml version="1.0" encoding="UTF-8"?>
<testsuite name="com.wormzjl.createcheme.runtime.fluid.PhysicalFluidTopologyTest" tests="4" skipped="0" failures="0" errors="0" timestamp="2026-09-26T08:50:53.624Z" hostname="WORMZ-PC" time="0.028">
  <properties/>
  <testcase name="pumpControlUsesItsOutletDirectionAndItsSuctionJunctionInEitherOrientation()" classname="com.wormzjl.createcheme.runtime.fluid.PhysicalFluidTopologyTest" time="0.004"/>
  <testcase name="tenPhysicalPipeBlocksCompileToOneTenMetreRunWithEveryDebugMapping()" classname="com.wormzjl.createcheme.runtime.fluid.PhysicalFluidTopologyTest" time="0.002"/>
  <testcase name="zeroStoragePumpBypassDisablesThePumpButStillAllowsPassiveEqualization()" classname="com.wormzjl.createcheme.runtime.fluid.PhysicalFluidTopologyTest" time="0.005"/>
  <testcase name="dimensionsDeadLegsAndUnsupportedPumpPortsCannotCreateHiddenConnections()" classname="com.wormzjl.createcheme.runtime.fluid.PhysicalFluidTopologyTest" time="0.002"/>
  <system-out><![CDATA[]]></system-out>
  <system-err><![CDATA[]]></system-err>
</testsuite>
