<?xml version="1.0" encoding="UTF-8"?>
<testsuite name="com.wormzjl.createcheme.science.fluid.network.TransientQualificationTest" tests="3" skipped="0" failures="0" errors="0" timestamp="2026-09-26T03:30:49.348Z" hostname="WORMZ-PC" time="3.444">
  <properties/>
  <testcase name="diluteGasSmallSignalMatchesAnalyticAdiabaticPoiseuilleRelaxation()" classname="com.wormzjl.createcheme.science.fluid.network.TransientQualificationTest" time="0.002"/>
  <testcase name="freeWaterDisappearanceMatchesRefinedTrajectoriesAcrossThreeIntervals()" classname="com.wormzjl.createcheme.science.fluid.network.TransientQualificationTest" time="2.915"/>
  <testcase name="liquidCompressionWetCrudeReversalAndPumpMatchRefinedTrajectories()" classname="com.wormzjl.createcheme.science.fluid.network.TransientQualificationTest" time="0.522"/>
  <system-out><![CDATA[]]></system-out>
  <system-err><![CDATA[]]></system-err>
</testsuite>
