<?xml version="1.0" encoding="UTF-8"?>
<testsuite name="com.wormzjl.createcheme.science.fluid.network.FlowControlTest" tests="3" skipped="0" failures="0" errors="0" timestamp="2026-09-26T03:30:45.974Z" hostname="WORMZ-PC" time="0.01">
  <properties/>
  <testcase name="pressureValveClosesBelowTargetAndRegulatesAboveIt()" classname="com.wormzjl.createcheme.science.fluid.network.FlowControlTest" time="0.001"/>
  <testcase name="naturalFlowIsLimitedWithoutInventedPumpWorkAndOpposingHeadShutsThePump()" classname="com.wormzjl.createcheme.science.fluid.network.FlowControlTest" time="0.002"/>
  <testcase name="pumpMeetsItsSuctionFlowTargetAndAccountsForAddedEnergy()" classname="com.wormzjl.createcheme.science.fluid.network.FlowControlTest" time="0.001"/>
  <system-out><![CDATA[]]></system-out>
  <system-err><![CDATA[]]></system-err>
</testsuite>
