<?xml version="1.0" encoding="UTF-8"?>
<testsuite name="com.wormzjl.createcheme.runtime.fluid.RetainedSolverTest" tests="3" skipped="0" failures="0" errors="0" timestamp="2026-09-26T03:30:45.569Z" hostname="WORMZ-PC" time="0.041">
  <properties/>
  <testcase name="aRetainedSolverIsExclusiveAndIsHandedBackAfterEveryOutcome()" classname="com.wormzjl.createcheme.runtime.fluid.RetainedSolverTest" time="0.009"/>
  <testcase name="sharingTheIslandSolverWithTheModulePlannerNeverCostsMoreWork()" classname="com.wormzjl.createcheme.runtime.fluid.RetainedSolverTest" time="0.022"/>
  <testcase name="aRetainedSolverReusesItsStructureAcrossTheIntervalBoundary()" classname="com.wormzjl.createcheme.runtime.fluid.RetainedSolverTest" time="0.01"/>
  <system-out><![CDATA[]]></system-out>
  <system-err><![CDATA[]]></system-err>
</testsuite>
