<?xml version="1.0" encoding="UTF-8"?>
<testsuite name="com.wormzjl.createcheme.runtime.fluid.FluidBasisTest" tests="2" skipped="0" failures="0" errors="0" timestamp="2026-09-26T08:20:22.060Z" hostname="WORMZ-PC" time="0.071">
  <properties/>
  <testcase name="capturedAccountingAndSerializationNeverReadTheReloadedGlobalAxis()" classname="com.wormzjl.createcheme.runtime.fluid.FluidBasisTest" time="0.032"/>
  <testcase name="topologyWithoutAnyIslandStillRejectsAChangedIdentityAxis()" classname="com.wormzjl.createcheme.runtime.fluid.FluidBasisTest" time="0.039"/>
  <system-out><![CDATA[]]></system-out>
  <system-err><![CDATA[]]></system-err>
</testsuite>
