<?xml version="1.0" encoding="UTF-8"?>
<testsuite name="com.wormzjl.createcheme.science.fluid.thermo.HydrocarbonModelTest" tests="2" skipped="0" failures="0" errors="0" timestamp="2026-09-26T08:20:37.862Z" hostname="WORMZ-PC" time="0.002">
  <properties/>
  <testcase name="sameCompressionAppliesToPureLiquidAndCrudeMixturesWithoutChangingColumnData()" classname="com.wormzjl.createcheme.science.fluid.thermo.HydrocarbonModelTest" time="0.001"/>
  <testcase name="liquidPressureCorrectionSatisfiesTheChemicalPotentialVolumeIdentity()" classname="com.wormzjl.createcheme.science.fluid.thermo.HydrocarbonModelTest" time="0.001"/>
  <system-out><![CDATA[]]></system-out>
  <system-err><![CDATA[]]></system-err>
</testsuite>
