<?xml version="1.0" encoding="UTF-8"?>
<testsuite name="com.wormzjl.createcheme.science.fluid.transport.SlurryTransportTest" tests="6" skipped="0" failures="0" errors="0" timestamp="2026-09-26T08:20:37.974Z" hostname="WORMZ-PC" time="0.002">
  <properties/>
  <testcase name="TraceCutoffIsStrictAndCanBeDisabledWithoutTreatingZeroAsPresent()" classname="com.wormzjl.createcheme.science.fluid.transport.SlurryTransportTest" time="0.0"/>
  <testcase name="noSolidsRetainsTheExactCarrierAndPackingIsNotAFlowingState()" classname="com.wormzjl.createcheme.science.fluid.transport.SlurryTransportTest" time="0.001"/>
  <testcase name="InvalidTransportInputsNeverCreateUsableProperties()" classname="com.wormzjl.createcheme.science.fluid.transport.SlurryTransportTest" time="0.001"/>
  <testcase name="NeutralAndBuoyantParticlesFollowTheDeclaredContrastRule()" classname="com.wormzjl.createcheme.science.fluid.transport.SlurryTransportTest" time="0.0"/>
  <testcase name="demoParticleSpeedsMatchTheReviewedPhysicalMagnitudes()" classname="com.wormzjl.createcheme.science.fluid.transport.SlurryTransportTest" time="0.0"/>
  <testcase name="BulkSolidMarkerNeverBecomesAZeroSettlingSpeedParticle()" classname="com.wormzjl.createcheme.science.fluid.transport.SlurryTransportTest" time="0.0"/>
  <system-out><![CDATA[]]></system-out>
  <system-err><![CDATA[]]></system-err>
</testsuite>
