<?xml version="1.0" encoding="UTF-8"?>
<testsuite name="com.wormzjl.createcheme.runtime.fluid.FluidCheckpointFormatTest" tests="9" skipped="0" failures="0" errors="0" timestamp="2026-09-26T08:20:22.272Z" hostname="WORMZ-PC" time="1.051">
  <properties/>
  <testcase name="clocksMaterialFencesPendingEventsModulesAndCertificatesRoundTripExactly()" classname="com.wormzjl.createcheme.runtime.fluid.FluidCheckpointFormatTest" time="0.45"/>
  <testcase name="everyInvalidCertificateFieldIsRefused()" classname="com.wormzjl.createcheme.runtime.fluid.FluidCheckpointFormatTest" time="0.027"/>
  <testcase name="formatThreeAndOlderAreRefusedWithAFreshWorldInstructionAndLeftUntouched()" classname="com.wormzjl.createcheme.runtime.fluid.FluidCheckpointFormatTest" time="0.008"/>
  <testcase name="aSignatureMismatchDiscardsTheCertificateAndKeepsTheInventory()" classname="com.wormzjl.createcheme.runtime.fluid.FluidCheckpointFormatTest" time="0.018"/>
  <testcase name="aRestoredCertificateContinuesWithoutASolveExactlyAsIfNeverSaved()" classname="com.wormzjl.createcheme.runtime.fluid.FluidCheckpointFormatTest" time="0.01"/>
  <testcase name="holdSaveAndRestartKeepsCommittedFrozenAndDebtAndRequalifiesOverTheConfirmCount()" classname="com.wormzjl.createcheme.runtime.fluid.FluidCheckpointFormatTest" time="0.011"/>
  <testcase name="aCertifiedPayloadIsCopiedNotReencodedUntilASolveOrACertificate()" classname="com.wormzjl.createcheme.runtime.fluid.FluidCheckpointFormatTest" time="0.017"/>
  <testcase name="restDetectionOffDiscardsEverySavedCertificateAndKeepsTheInventory()" classname="com.wormzjl.createcheme.runtime.fluid.FluidCheckpointFormatTest" time="0.009"/>
  <testcase name="aThousandCertifiedIslandsLoadWithoutASolveBurst()" classname="com.wormzjl.createcheme.runtime.fluid.FluidCheckpointFormatTest" time="0.461"/>
  <system-out><![CDATA[WARN StatusConsoleListener Advanced terminal features are not available in this environment
1000 certified islands: encode 13.7 ms, decode 15.7 ms, register 8.1 ms, 264000 unit bytes, core record 143378 bytes
]]></system-out>
  <system-err><![CDATA[]]></system-err>
</testsuite>
