<?xml version="1.0" encoding="UTF-8"?>
<testsuite name="com.wormzjl.createcheme.runtime.fluid.FluidCheckpointFormatTest" tests="9" skipped="0" failures="0" errors="0" timestamp="2026-09-25T06:33:59.064Z" hostname="WORMZ-PC" time="1.368">
  <properties/>
  <testcase name="clocksMaterialFencesPendingEventsModulesAndCertificatesRoundTripExactly()" classname="com.wormzjl.createcheme.runtime.fluid.FluidCheckpointFormatTest" time="0.49"/>
  <testcase name="everyInvalidCertificateFieldIsRefused()" classname="com.wormzjl.createcheme.runtime.fluid.FluidCheckpointFormatTest" time="0.069"/>
  <testcase name="formatThreeAndOlderAreRefusedWithAFreshWorldInstructionAndLeftUntouched()" classname="com.wormzjl.createcheme.runtime.fluid.FluidCheckpointFormatTest" time="0.01"/>
  <testcase name="aSignatureMismatchDiscardsTheCertificateAndKeepsTheInventory()" classname="com.wormzjl.createcheme.runtime.fluid.FluidCheckpointFormatTest" time="0.089"/>
  <testcase name="aRestoredCertificateContinuesWithoutASolveExactlyAsIfNeverSaved()" classname="com.wormzjl.createcheme.runtime.fluid.FluidCheckpointFormatTest" time="0.057"/>
  <testcase name="holdSaveAndRestartKeepsCommittedFrozenAndDebtAndRequalifiesOverTheConfirmCount()" classname="com.wormzjl.createcheme.runtime.fluid.FluidCheckpointFormatTest" time="0.024"/>
  <testcase name="aCertifiedPayloadIsCopiedNotReencodedUntilASolveOrACertificate()" classname="com.wormzjl.createcheme.runtime.fluid.FluidCheckpointFormatTest" time="0.058"/>
  <testcase name="restDetectionOffDiscardsEverySavedCertificateAndKeepsTheInventory()" classname="com.wormzjl.createcheme.runtime.fluid.FluidCheckpointFormatTest" time="0.053"/>
  <testcase name="aThousandCertifiedIslandsLoadWithoutASolveBurst()" classname="com.wormzjl.createcheme.runtime.fluid.FluidCheckpointFormatTest" time="0.477"/>
  <system-out><![CDATA[WARN StatusConsoleListener Advanced terminal features are not available in this environment
1000 certified islands: encode 13.6 ms, decode 18.1 ms, register 7.9 ms, 243000 unit bytes, core record 144474 bytes
]]></system-out>
  <system-err><![CDATA[]]></system-err>
</testsuite>
