<?xml version="1.0" encoding="UTF-8"?>
<testsuite name="com.wormzjl.createcheme.runtime.fluid.PhysicalFluidTopologyTest" tests="4" skipped="0" failures="0" errors="0" timestamp="2026-09-25T06:34:22.594Z" hostname="WORMZ-PC" time="0.028">
  <properties/>
  <testcase name="pumpControlUsesItsOutletDirectionAndItsSuctionJunctionInEitherOrientation()" classname="com.wormzjl.createcheme.runtime.fluid.PhysicalFluidTopologyTest" time="0.005"/>
  <testcase name="tenPhysicalPipeBlocksCompileToOneTenMetreRunWithEveryDebugMapping()" classname="com.wormzjl.createcheme.runtime.fluid.PhysicalFluidTopologyTest" time="0.001"/>
  <testcase name="zeroStoragePumpBypassDisablesThePumpButStillAllowsPassiveEqualization()" classname="com.wormzjl.createcheme.runtime.fluid.PhysicalFluidTopologyTest" time="0.008"/>
  <testcase name="dimensionsDeadLegsAndUnsupportedPumpPortsCannotCreateHiddenConnections()" classname="com.wormzjl.createcheme.runtime.fluid.PhysicalFluidTopologyTest" time="0.001"/>
  <system-out><![CDATA[]]></system-out>
  <system-err><![CDATA[]]></system-err>
</testsuite>
