<?xml version="1.0" encoding="UTF-8"?>
<testsuite name="com.wormzjl.createcheme.runtime.fluid.ElevatedBlockLineIslandTest" tests="1" skipped="0" failures="1" errors="0" timestamp="2026-09-26T04:31:38.915Z" hostname="WORMZ-PC" time="0.538">
  <properties/>
  <testcase name="elevatedLinesIntegrateFortyIntervalsLikeTheirFlatControl()" classname="com.wormzjl.createcheme.runtime.fluid.ElevatedBlockLineIslandTest" time="0.538">
    <failure message="org.opentest4j.AssertionFailedError: A pumped tank must settle one water column below its own shutoff pressure ==&gt; expected: &lt;860918.3068374132&gt; but was: &lt;861063.0847327792&gt;" type="org.opentest4j.AssertionFailedError">org.opentest4j.AssertionFailedError: A pumped tank must settle one water column below its own shutoff pressure ==&gt; expected: &lt;860918.3068374132&gt; but was: &lt;861063.0847327792&gt;
	at app//org.junit.jupiter.api.AssertionFailureBuilder.build(AssertionFailureBuilder.java:151)
	at app//org.junit.jupiter.api.AssertionFailureBuilder.buildAndThrow(AssertionFailureBuilder.java:132)
	at app//org.junit.jupiter.api.AssertEquals.failNotEqual(AssertEquals.java:197)
	at app//org.junit.jupiter.api.AssertEquals.assertEquals(AssertEquals.java:86)
	at app//org.junit.jupiter.api.Assertions.assertEquals(Assertions.java:1024)
	at app//com.wormzjl.createcheme.runtime.fluid.ElevatedBlockLineIslandTest.elevatedLinesIntegrateFortyIntervalsLikeTheirFlatControl(ElevatedBlockLineIslandTest.java:226)
	at java.base@21.0.11/java.lang.reflect.Method.invoke(Method.java:580)
	at java.base@21.0.11/java.util.ArrayList.forEach(ArrayList.java:1596)
	at java.base@21.0.11/java.util.ArrayList.forEach(ArrayList.java:1596)
</failure>
  </testcase>
  <system-out><![CDATA[
=== generator at 400000 Pa, water column over 4 m = 39081.6931625868 Pa ===
(flat control)  OK intervals=40 advanced=5.0 accepted=1 rejected=0
   tank P=400000.0056142352 mass=743.1612589993315
PUMPTRACE pass=0 dt=1.4644660940672622 edge=1 PUMP_TARGET->PUMP_HEAD_LIMIT flow=9.962934432442026 head=663997.0900206472 margin=-150692.86771887157 band=0.01
PUMPTRACE pass=1 dt=1.4644660940672622 edge=1 PUMP_HEAD_LIMIT->CLOSED flow=-1.6843261514514198 head=500144.54353156453 margin=-492.9243660267093 band=0.01
PUMPTRACE carry dt=0.7322330470336311 edge=1 margin=181563.6131034172 band=0.01 Pa=387597.38487820094 Pb=676865.9730903273 rhoA=996.2934432442025
PUMPTRACE pass=0 dt=0.7322330470336311 edge=1 PUMP_HEAD_LIMIT->PUMP_TARGET flow=20.690192409106277 head=500138.6606037142 margin=55177.88772195106 band=0.01
PUMPTRACE pass=0 dt=0.7322330470336311 edge=1 PUMP_TARGET->PUMP_HEAD_LIMIT flow=9.962934432442026 head=570959.9906495445 margin=-57655.76834775624 band=0.01
PUMPTRACE pass=0 dt=0.7322330470336311 edge=1 PUMP_HEAD_LIMIT->CLOSED flow=-1.753429534564499 head=500144.54716982995 margin=-531.410626954399 band=0.01
PUMPTRACE carry dt=0.18687533783284221 edge=1 margin=181563.6131034172 band=0.01 Pa=387597.38487820094 Pb=676865.9730903273 rhoA=996.2934432442025
PUMPTRACE pass=0 dt=0.18687533783284221 edge=1 PUMP_HEAD_LIMIT->PUMP_TARGET flow=31.088744843253036 head=500131.45137893426 margin=123341.08458292054 band=0.01
PUMPTRACE pass=0 dt=0.7475013513313689 edge=1 PUMP_TARGET->PUMP_HEAD_LIMIT flow=9.962934432442024 head=527770.2458851875 margin=-14466.023583268805 band=0.01
PUMPTRACE pass=0 dt=0.7475013513313689 edge=1 PUMP_HEAD_LIMIT->CLOSED flow=-1.770999573783457 head=500144.548115684 margin=-541.3954467835138 band=0.01
PUMPTRACE carry dt=0.37375067566568443 edge=1 margin=83885.0582725972 band=0.01 Pa=387597.38487820094 Pb=774544.5279211473 rhoA=996.2934432442023
PUMPTRACE pass=0 dt=0.37375067566568443 edge=1 PUMP_HEAD_LIMIT->PUMP_TARGET flow=13.926895414932659 head=500141.81682811375 margin=25336.563044471142 band=0.01
PUMPTRACE pass=0 dt=0.37375067566568443 edge=1 PUMP_TARGET->PUMP_HEAD_LIMIT flow=9.962934432442026 head=511838.8164324512 margin=1465.4050502057653 band=0.01
PUMPTRACE pass=0 dt=0.37375067566568443 edge=1 PUMP_HEAD_LIMIT->CLOSED flow=-3.0661956742541006 head=500144.64087957976 margin=-1522.9928444672842 band=0.01
PUMPTRACE carry dt=0.37375067566568443 edge=1 margin=-11328.249675031868 band=0.01 Pa=390229.668893592 Pb=872391.4303840754 rhoA=996.2962162968142
PUMPTRACE carry dt=0.09906460890634448 edge=1 margin=83885.0582725972 band=0.01 Pa=387597.38487820094 Pb=774544.5279211473 rhoA=996.2934432442023
PUMPTRACE pass=0 dt=0.09906460890634448 edge=1 PUMP_HEAD_LIMIT->PUMP_TARGET flow=20.989718921328063 head=500138.4928789264 margin=56763.697375368036 band=0.01
PUMPTRACE pass=0 dt=0.39625843562537794 edge=1 PUMP_TARGET->PUMP_HEAD_LIMIT flow=9.962934432442026 head=551536.3479371746 margin=-38232.12620962411 band=0.01
PUMPTRACE pass=1 dt=0.39625843562537794 edge=1 PUMP_HEAD_LIMIT->CLOSED flow=-1.5701874949971226 head=500144.53780841344 margin=-432.6372516474221 band=0.01
PUMPTRACE carry dt=0.39625843562537794 edge=1 margin=-5646.146155745664 band=0.01 Pa=390229.6709014984 Pb=866709.3288736953 rhoA=996.2962162989298
PUMPTRACE carry dt=0.19812921781268897 edge=1 margin=19742.195855793194 band=0.01 Pa=387597.384878201 Pb=838687.3903379515 rhoA=996.2934432442025
PUMPTRACE pass=0 dt=0.19812921781268897 edge=1 PUMP_HEAD_LIMIT->CLOSED flow=-0.747289909549433 head=500144.50722333946 margin=-110.61534397711512 band=0.01
PUMPTRACE carry dt=0.19812921781268897 edge=1 margin=-1346.236397255445 band=0.01 Pa=390229.6715009993 Pb=862409.4197150045 rhoA=996.2962162995614
PUMPTRACE carry dt=0.19812921781268897 edge=1 margin=-1346.2361747226096 band=0.01 Pa=390229.6717104259 Pb=862409.4197020024 rhoA=996.2962162997819
PUMPTRACE carry dt=0.039625843562537795 edge=1 margin=19742.195855793194 band=0.01 Pa=387597.384878201 Pb=838687.3903379515 rhoA=996.2934432442025
PUMPTRACE pass=0 dt=0.039625843562537795 edge=1 PUMP_HEAD_LIMIT->PUMP_TARGET flow=10.291419907539309 head=500143.0136865914 margin=14020.680437815317 band=0.01
PUMPTRACE pass=0 dt=0.039625843562537795 edge=1 PUMP_TARGET->PUMP_HEAD_LIMIT flow=9.962934432442024 head=502923.9706659477 margin=10380.251472293923 band=0.01
PUMPTRACE pass=0 dt=0.019812921781268897 edge=1 PUMP_HEAD_LIMIT->PUMP_TARGET flow=11.098821402014698 head=500142.7780838945 margin=16248.217306432722 band=0.01
PUMPTRACE pass=0 dt=0.019812921781268897 edge=1 PUMP_TARGET->PUMP_HEAD_LIMIT flow=9.962934432442024 head=500967.9778319176 margin=12336.245059156674 band=0.01
PUMPTRACE pass=0 dt=0.011360951518730867 edge=1 PUMP_HEAD_LIMIT->PUMP_TARGET flow=11.443927033964352 head=500142.6721176153 margin=17250.090320272546 band=0.01
PUMPTRACE pass=0 dt=0.022721903037461733 edge=1 PUMP_TARGET->PUMP_HEAD_LIMIT flow=9.962934432442026 head=501601.8750901342 margin=11702.34716320096 band=0.01
PUMPTRACE pass=0 dt=0.011360951518730867 edge=1 PUMP_HEAD_LIMIT->PUMP_TARGET flow=10.680029632719519 head=500142.9024427166 margin=15072.45007506694 band=0.01
PUMPTRACE pass=0 dt=0.011360951518730867 edge=1 PUMP_TARGET->PUMP_HEAD_LIMIT flow=9.962934432442024 head=500482.6702538789 margin=12821.552052775922 band=0.01
PUMPTRACE pass=0 dt=0.008348928612042885 edge=1 PUMP_HEAD_LIMIT->PUMP_TARGET flow=10.807488890517481 head=500142.86508562084 margin=15425.647660147457 band=0.01
PUMPTRACE pass=0 dt=0.01669785722408577 edge=1 PUMP_TARGET->PUMP_HEAD_LIMIT flow=9.962934432442024 head=500509.81161877466 margin=12794.411325687368 band=0.01
PUMPTRACE pass=0 dt=0.008348928612042885 edge=1 PUMP_HEAD_LIMIT->PUMP_TARGET flow=10.211921401488752 head=500143.0359513418 margin=13810.175521241792 band=0.01
PUMPTRACE pass=0 dt=0.008348928612042885 edge=1 PUMP_TARGET->PUMP_HEAD_LIMIT flow=9.962934432442024 head=500169.6920251237 margin=13134.530264294299 band=0.01
PUMPTRACE pass=0 dt=0.005283883656878822 edge=1 PUMP_HEAD_LIMIT->PUMP_TARGET flow=10.345485354898878 head=500142.99844911933 margin=14164.745062339935 band=0.01
PUMPTRACE pass=0 dt=0.010567767313757644 edge=1 PUMP_TARGET->PUMP_HEAD_LIMIT flow=9.962934432442026 head=500912.1371474774 margin=12392.08511414635 band=0.01
PUMPTRACE pass=0 dt=0.004263016861064288 edge=1 PUMP_HEAD_LIMIT->PUMP_TARGET flow=9.997535605528098 head=500143.09515919234 margin=13250.38753337093 band=0.01
PUMPTRACE pass=0 dt=0.004263016861064288 edge=1 PUMP_TARGET->PUMP_HEAD_LIMIT flow=9.962934432442024 head=500454.11755136424 margin=12850.104095843097 band=0.01
PUMPTRACE pass=0 dt=0.002131508430532144 edge=1 PUMP_HEAD_LIMIT->PUMP_TARGET flow=10.09230208472831 head=500143.0691371283 margin=13496.416364106757 band=0.01
PUMPTRACE pass=0 dt=0.002131508430532144 edge=1 PUMP_TARGET->PUMP_HEAD_LIMIT flow=9.962934432442024 head=500244.47847080155 margin=13059.743345012132 band=0.01
PUMPTRACE pass=0 dt=0.04319475172494975 edge=1 PUMP_HEAD_LIMIT->CLOSED flow=-0.23079026472971562 head=500144.49795947777 margin=-13.710085073660593 band=0.01
PUMPTRACE carry dt=0.021597375862474875 edge=1 margin=927.128274904564 band=0.01 Pa=390044.1529638968 Pb=859950.444144046 rhoA=996.2960208597597
PUMPTRACE pass=0 dt=0.021597375862474875 edge=1 PUMP_HEAD_LIMIT->CLOSED flow=-0.12107387331927731 head=500144.49702899554 margin=-4.50427376240259 band=0.01
PUMPTRACE carry dt=0.010736446508125459 edge=1 margin=927.128274904564 band=0.01 Pa=390044.1529638968 Pb=859950.444144046 rhoA=996.2960208597597
PUMPTRACE pass=0 dt=0.018060287332724873 edge=1 PUMP_HEAD_LIMIT->CLOSED flow=-0.08965029365298284 head=500144.49679789925 margin=-1.911025224660989 band=0.01
PUMPTRACE carry dt=0.018060287332724873 edge=1 margin=-15.395788578200154 band=0.01 Pa=390229.67169634404 Pb=861078.5793017696 rhoA=996.2962162997678
PUMPTRACE carry dt=0.009030143666362437 edge=1 margin=19.907248970936053 band=0.01 Pa=390225.5953023779 Pb=861039.1978407928 rhoA=996.2962120053735
PUMPTRACE pass=0 dt=0.009030143666362437 edge=1 PUMP_HEAD_LIMIT->CLOSED flow=-0.042426141428604326 head=500144.496700704 margin=-0.6170952197862789 band=0.01
PUMPTRACE carry dt=0.009030143666362437 edge=1 margin=-3.7845278889290057 band=0.01 Pa=390229.67170492327 Pb=861066.9680496635 rhoA=996.2962162997762
PUMPTRACE carry dt=0.009030143666362437 edge=1 margin=-3.7845223887707107 band=0.01 Pa=390229.6717104238 Pb=861066.9680496665 rhoA=996.2962162997819
PUMPTRACE carry dt=0.005526423775696001 edge=1 margin=19.907248970936053 band=0.01 Pa=390225.5953023779 Pb=861039.1978407928 rhoA=996.2962120053735
PUMPTRACE pass=0 dt=0.010804694266218868 edge=1 PUMP_HEAD_LIMIT->CLOSED flow=-0.029091831656617335 head=500144.4966801384 margin=-0.4235381089965813 band=0.01
PUMPTRACE carry dt=0.010804694266218868 edge=1 margin=-2.688750390021596 band=0.01 Pa=390229.6717070866 Pb=861065.872274329 rhoA=996.2962162997784
PUMPTRACE carry dt=0.005402347133109434 edge=1 margin=0.6671583470888436 band=0.01 Pa=390229.4432795315 Pb=861062.2878243123 rhoA=996.2962160591346
PUMPTRACE pass=0 dt=0.005402347133109434 edge=1 PUMP_HEAD_LIMIT->CLOSED flow=-0.01606172039963678 head=500144.49666007445 margin=-0.2335048890672624 band=0.01
PUMPTRACE carry dt=0.005402347133109434 edge=1 margin=-0.9915686563472264 band=0.01 Pa=390229.5767074577 Pb=861064.0800456702 rhoA=996.2962161996983
PUMPTRACE carry dt=0.005402347133109434 edge=1 margin=-1.3627488586935215 band=0.01 Pa=390229.5767093533 Pb=861064.4512277689 rhoA=996.2962161997
PUMPTRACE carry dt=0.005402347133109434 edge=1 margin=-1.3627488604397513 band=0.01 Pa=390229.5767093533 Pb=861064.4512277707 rhoA=996.2962161997
PUMPTRACE carry dt=0.007774055482984455 edge=1 margin=0.6671583470888436 band=0.01 Pa=390229.4432795315 Pb=861062.2878243123 rhoA=996.2962160591346
PUMPTRACE pass=0 dt=0.007774055482984455 edge=1 PUMP_HEAD_LIMIT->CLOSED flow=-0.02185870990294497 head=500144.4966690007 margin=-0.31778136803768575 band=0.01
PUMPTRACE carry dt=0.007774055482984455 edge=1 margin=-1.683333934925031 band=0.01 Pa=390229.6717082115 Pb=861064.8668589994 rhoA=996.2962162997798
PUMPTRACE carry dt=0.0038870277414922274 edge=1 margin=0.6671583470888436 band=0.01 Pa=390229.4432795315 Pb=861062.2878243123 rhoA=996.2962160591346
PUMPTRACE pass=0 dt=0.0038870277414922274 edge=1 PUMP_HEAD_LIMIT->CLOSED flow=-0.009789773423577059 head=500144.49665041605 margin=-0.14232346607604995 band=0.01
PUMPTRACE carry dt=0.0038870277414922274 edge=1 margin=-0.4888620245619677 band=0.01 Pa=390229.5767082178 Pb=861063.5773397988 rhoA=996.2962161996991
PUMPTRACE carry dt=0.0038870277414922274 edge=1 margin=-0.7559287408948876 band=0.01 Pa=390229.5767093533 Pb=861063.844407651 rhoA=996.2962161996998
PUMPTRACE carry dt=0.0038870277414922274 edge=1 margin=-0.7559287408948876 band=0.01 Pa=390229.5767093533 Pb=861063.844407651 rhoA=996.2962161996998
PUMPTRACE carry dt=0.005607408586848413 edge=1 margin=0.6671583470888436 band=0.01 Pa=390229.4432795315 Pb=861062.2878243123 rhoA=996.2962160591346
PUMPTRACE pass=0 dt=0.005607408586848413 edge=1 PUMP_HEAD_LIMIT->CLOSED flow=-0.01677049441536573 head=500144.49666116585 margin=-0.24380897753871977 band=0.01
PUMPTRACE carry dt=0.005607408586848413 edge=1 margin=-0.9645488357637078 band=0.01 Pa=390229.67170898255 Pb=861064.1480746716 rhoA=996.2962162997804
PUMPTRACE carry dt=0.0028037042934242066 edge=1 margin=0.6671583470888436 band=0.01 Pa=390229.4432795315 Pb=861062.2878243123 rhoA=996.2962160591346
PUMPTRACE pass=0 dt=0.0028037042934242066 edge=1 PUMP_HEAD_LIMIT->CLOSED flow=-0.003092960222185637 head=500144.4966401042 margin=-0.04496537212980911 band=0.01
PUMPTRACE carry dt=0.0028037042934242066 edge=1 margin=-0.12946999800624326 band=0.01 Pa=390229.57670900127 Pb=861063.217948556 rhoA=996.2962161996995
PUMPTRACE carry dt=0.0028037042934242066 edge=1 margin=-0.32210490672150627 band=0.01 Pa=390229.5767093533 Pb=861063.4105838169 rhoA=996.2962161997
PUMPTRACE carry dt=0.0028037042934242066 edge=1 margin=-0.3221049074199982 band=0.01 Pa=390229.5767093533 Pb=861063.4105838176 rhoA=996.2962161997
PUMPTRACE pass=0 dt=1.0 edge=1 PUMP_TARGET->PUMP_HEAD_LIMIT flow=9.962934432442024 head=515936.9239322618 margin=-2632.701627852046 band=0.01
PUMPTRACE carry dt=0.004058565369655637 edge=1 margin=0.6671585368458182 band=0.01 Pa=390229.443279721 Pb=861062.2878243123 rhoA=996.2962160591351
PUMPTRACE pass=0 dt=0.004058565369655637 edge=1 PUMP_HEAD_LIMIT->CLOSED flow=-0.010682412153246473 head=500144.49665179075 margin=-0.15530062781181186 band=0.01
PUMPTRACE carry dt=0.004058565369655637 edge=1 margin=-0.5457676561782137 band=0.01 Pa=390229.5767081112 Pb=861063.6342453237 rhoA=996.2962161996987
PUMPTRACE carry dt=0.0020292826848278185 edge=1 margin=0.6671585368458182 band=0.01 Pa=390229.443279721 Pb=861062.2878243123 rhoA=996.2962160591351
PUMPTRACE pass=0 dt=0.0020292826848278185 edge=1 PUMP_HEAD_LIMIT->CLOSED flow=-0.0025571147323270116 head=500144.49663927883 margin=-0.037228101573418826 band=0.01
PUMPTRACE carry dt=0.0020292826848278185 edge=1 margin=-0.0822517643100582 band=0.01 Pa=390229.57670906273 Pb=861063.1707303841 rhoA=996.2962161997002
PUMPTRACE carry dt=0.0020292826848278185 edge=1 margin=-0.08225147536722943 band=0.01 Pa=390229.5767093533 Pb=861063.1707303856 rhoA=996.2962161997
PUMPTRACE carry dt=0.0030931376441540276 edge=1 margin=0.6671585368458182 band=0.01 Pa=390229.443279721 Pb=861062.2878243123 rhoA=996.2962160591351
PUMPTRACE pass=0 dt=0.0030931376441540276 edge=1 PUMP_HEAD_LIMIT->CLOSED flow=-0.005212895459313989 head=500144.4966433686 margin=-0.07578493858454749 band=0.01
PUMPTRACE carry dt=0.0030931376441540276 edge=1 margin=-0.22548793244641274 band=0.01 Pa=390229.5767087564 Pb=861063.3139662454 rhoA=996.2962161996993
PUMPTRACE carry dt=0.0015465688220770138 edge=1 margin=0.6671585368458182 band=0.01 Pa=390229.443279721 Pb=861062.2878243123 rhoA=996.2962160591351
PUMPTRACE pass=0 dt=0.0015465688220770138 edge=1 PUMP_HEAD_LIMIT->CLOSED flow=4.191950308624897E-4 head=500144.4966346956 margin=0.006102943036239594 band=0.01
PUMPTRACE carry dt=0.0015465688220770138 edge=1 margin=0.0076290753204375505 band=0.01 Pa=390229.57670935243 Pb=861063.080849834 rhoA=996.2962161997
PUMPTRACE carry dt=0.002703000787920924 edge=1 margin=0.0037461203173734248 band=0.01 Pa=390229.5767093533 Pb=861063.0847327899 rhoA=996.2962161997
PUMPTRACE carry dt=0.002703000787920924 edge=1 margin=0.003746131027583033 band=0.01 Pa=390229.5767093533 Pb=861063.0847327792 rhoA=996.2962161997
PUMPTRACE carry dt=0.005406001575841848 edge=1 margin=0.003746131027583033 band=0.01 Pa=390229.5767093533 Pb=861063.0847327792 rhoA=996.2962161997
PUMPTRACE carry dt=0.005406001575841848 edge=1 margin=0.003746131027583033 band=0.01 Pa=390229.5767093533 Pb=861063.0847327792 rhoA=996.2962161997
PUMPTRACE carry dt=0.010812003151683696 edge=1 margin=0.003746131027583033 band=0.01 Pa=390229.5767093533 Pb=861063.0847327792 rhoA=996.2962161997
PUMPTRACE carry dt=0.010812003151683696 edge=1 margin=0.003746131027583033 band=0.01 Pa=390229.5767093533 Pb=861063.0847327792 rhoA=996.2962161997
PUMPTRACE carry dt=0.02162400630336739 edge=1 margin=0.003746131027583033 band=0.01 Pa=390229.5767093533 Pb=861063.0847327792 rhoA=996.2962161997
PUMPTRACE carry dt=0.02162400630336739 edge=1 margin=0.003746131027583033 band=0.01 Pa=390229.5767093533 Pb=861063.0847327792 rhoA=996.2962161997
PUMPTRACE carry dt=0.04324801260673478 edge=1 margin=0.003746131027583033 band=0.01 Pa=390229.5767093533 Pb=861063.0847327792 rhoA=996.2962161997
PUMPTRACE carry dt=0.04324801260673478 edge=1 margin=0.003746131027583033 band=0.01 Pa=390229.5767093533 Pb=861063.0847327792 rhoA=996.2962161997
PUMPTRACE carry dt=0.08649602521346957 edge=1 margin=0.003746131027583033 band=0.01 Pa=390229.5767093533 Pb=861063.0847327792 rhoA=996.2962161997
PUMPTRACE carry dt=0.08649602521346957 edge=1 margin=0.003746131027583033 band=0.01 Pa=390229.5767093533 Pb=861063.0847327792 rhoA=996.2962161997
PUMPTRACE carry dt=0.17299205042693913 edge=1 margin=0.003746131027583033 band=0.01 Pa=390229.5767093533 Pb=861063.0847327792 rhoA=996.2962161997
PUMPTRACE carry dt=0.17299205042693913 edge=1 margin=0.003746131027583033 band=0.01 Pa=390229.5767093533 Pb=861063.0847327792 rhoA=996.2962161997
PUMPTRACE carry dt=0.09709624330708048 edge=1 margin=0.003746131027583033 band=0.01 Pa=390229.5767093533 Pb=861063.0847327792 rhoA=996.2962161997
PUMPTRACE carry dt=0.09709624330708048 edge=1 margin=0.003746131027583033 band=0.01 Pa=390229.5767093533 Pb=861063.0847327792 rhoA=996.2962161997
PUMPTRACE carry dt=0.6919682017077565 edge=1 margin=0.003746131027583033 band=0.01 Pa=390229.5767093533 Pb=861063.0847327792 rhoA=996.2962161997
PUMPTRACE carry dt=0.6919682017077565 edge=1 margin=0.003746131027583033 band=0.01 Pa=390229.5767093533 Pb=861063.0847327792 rhoA=996.2962161997
PUMPTRACE carry dt=0.7724978923595056 edge=1 margin=0.003746131027583033 band=0.01 Pa=390229.5767093533 Pb=861063.0847327792 rhoA=996.2962161997
PUMPTRACE carry dt=0.7724978923595056 edge=1 margin=0.003746131027583033 band=0.01 Pa=390229.5767093533 Pb=861063.0847327792 rhoA=996.2962161997
PUMPTRACE carry dt=1.4644660940672622 edge=1 margin=0.003746131027583033 band=0.01 Pa=390229.5767093533 Pb=861063.0847327792 rhoA=996.2962161997
PUMPTRACE carry dt=1.4644660940672622 edge=1 margin=0.003746131027583033 band=0.01 Pa=390229.5767093533 Pb=861063.0847327792 rhoA=996.2962161997
PUMPTRACE carry dt=1.4644660940672622 edge=1 margin=0.003746131027583033 band=0.01 Pa=390229.5767093533 Pb=861063.0847327792 rhoA=996.2962161997
PUMPTRACE carry dt=1.4644660940672622 edge=1 margin=0.003746131027583033 band=0.01 Pa=390229.5767093533 Pb=861063.0847327792 rhoA=996.2962161997
PUMPTRACE carry dt=1.4644660940672622 edge=1 margin=0.003746131027583033 band=0.01 Pa=390229.5767093533 Pb=861063.0847327792 rhoA=996.2962161997
PUMPTRACE carry dt=1.4644660940672622 edge=1 margin=0.003746131027583033 band=0.01 Pa=390229.5767093533 Pb=861063.0847327792 rhoA=996.2962161997
PUMPTRACE carry dt=1.4644660940672622 edge=1 margin=0.003746131027583033 band=0.01 Pa=390229.5767093533 Pb=861063.0847327792 rhoA=996.2962161997
PUMPTRACE carry dt=1.4644660940672622 edge=1 margin=0.003746131027583033 band=0.01 Pa=390229.5767093533 Pb=861063.0847327792 rhoA=996.2962161997
PUMPTRACE carry dt=1.4644660940672622 edge=1 margin=0.003746131027583033 band=0.01 Pa=390229.5767093533 Pb=861063.0847327792 rhoA=996.2962161997
PUMPTRACE carry dt=1.4644660940672622 edge=1 margin=0.003746131027583033 band=0.01 Pa=390229.5767093533 Pb=861063.0847327792 rhoA=996.2962161997
PUMPTRACE carry dt=1.4644660940672622 edge=1 margin=0.003746131027583033 band=0.01 Pa=390229.5767093533 Pb=861063.0847327792 rhoA=996.2962161997
PUMPTRACE carry dt=1.4644660940672622 edge=1 margin=0.003746131027583033 band=0.01 Pa=390229.5767093533 Pb=861063.0847327792 rhoA=996.2962161997
PUMPTRACE carry dt=1.4644660940672622 edge=1 margin=0.003746131027583033 band=0.01 Pa=390229.5767093533 Pb=861063.0847327792 rhoA=996.2962161997
PUMPTRACE carry dt=1.4644660940672622 edge=1 margin=0.003746131027583033 band=0.01 Pa=390229.5767093533 Pb=861063.0847327792 rhoA=996.2962161997
PUMPTRACE carry dt=1.4644660940672622 edge=1 margin=0.003746131027583033 band=0.01 Pa=390229.5767093533 Pb=861063.0847327792 rhoA=996.2962161997
PUMPTRACE carry dt=1.4644660940672622 edge=1 margin=0.003746131027583033 band=0.01 Pa=390229.5767093533 Pb=861063.0847327792 rhoA=996.2962161997
PUMPTRACE carry dt=1.4644660940672622 edge=1 margin=0.003746131027583033 band=0.01 Pa=390229.5767093533 Pb=861063.0847327792 rhoA=996.2962161997
PUMPTRACE carry dt=1.4644660940672622 edge=1 margin=0.003746131027583033 band=0.01 Pa=390229.5767093533 Pb=861063.0847327792 rhoA=996.2962161997
PUMPTRACE carry dt=1.4644660940672622 edge=1 margin=0.003746131027583033 band=0.01 Pa=390229.5767093533 Pb=861063.0847327792 rhoA=996.2962161997
PUMPTRACE carry dt=1.4644660940672622 edge=1 margin=0.003746131027583033 band=0.01 Pa=390229.5767093533 Pb=861063.0847327792 rhoA=996.2962161997
PUMPTRACE carry dt=1.4644660940672622 edge=1 margin=0.003746131027583033 band=0.01 Pa=390229.5767093533 Pb=861063.0847327792 rhoA=996.2962161997
PUMPTRACE carry dt=1.4644660940672622 edge=1 margin=0.003746131027583033 band=0.01 Pa=390229.5767093533 Pb=861063.0847327792 rhoA=996.2962161997
PUMPTRACE carry dt=1.4644660940672622 edge=1 margin=0.003746131027583033 band=0.01 Pa=390229.5767093533 Pb=861063.0847327792 rhoA=996.2962161997
PUMPTRACE carry dt=1.4644660940672622 edge=1 margin=0.003746131027583033 band=0.01 Pa=390229.5767093533 Pb=861063.0847327792 rhoA=996.2962161997
PUMPTRACE carry dt=1.4644660940672622 edge=1 margin=0.003746131027583033 band=0.01 Pa=390229.5767093533 Pb=861063.0847327792 rhoA=996.2962161997
PUMPTRACE carry dt=1.4644660940672622 edge=1 margin=0.003746131027583033 band=0.01 Pa=390229.5767093533 Pb=861063.0847327792 rhoA=996.2962161997
PUMPTRACE carry dt=1.4644660940672622 edge=1 margin=0.003746131027583033 band=0.01 Pa=390229.5767093533 Pb=861063.0847327792 rhoA=996.2962161997
PUMPTRACE carry dt=1.4644660940672622 edge=1 margin=0.003746131027583033 band=0.01 Pa=390229.5767093533 Pb=861063.0847327792 rhoA=996.2962161997
PUMPTRACE carry dt=1.4644660940672622 edge=1 margin=0.003746131027583033 band=0.01 Pa=390229.5767093533 Pb=861063.0847327792 rhoA=996.2962161997
PUMPTRACE carry dt=1.4644660940672622 edge=1 margin=0.003746131027583033 band=0.01 Pa=390229.5767093533 Pb=861063.0847327792 rhoA=996.2962161997
PUMPTRACE carry dt=1.4644660940672622 edge=1 margin=0.003746131027583033 band=0.01 Pa=390229.5767093533 Pb=861063.0847327792 rhoA=996.2962161997
PUMPTRACE carry dt=1.4644660940672622 edge=1 margin=0.003746131027583033 band=0.01 Pa=390229.5767093533 Pb=861063.0847327792 rhoA=996.2962161997
PUMPTRACE carry dt=1.4644660940672622 edge=1 margin=0.003746131027583033 band=0.01 Pa=390229.5767093533 Pb=861063.0847327792 rhoA=996.2962161997
PUMPTRACE carry dt=1.4644660940672622 edge=1 margin=0.003746131027583033 band=0.01 Pa=390229.5767093533 Pb=861063.0847327792 rhoA=996.2962161997
PUMPTRACE carry dt=1.4644660940672622 edge=1 margin=0.003746131027583033 band=0.01 Pa=390229.5767093533 Pb=861063.0847327792 rhoA=996.2962161997
PUMPTRACE carry dt=1.4644660940672622 edge=1 margin=0.003746131027583033 band=0.01 Pa=390229.5767093533 Pb=861063.0847327792 rhoA=996.2962161997
PUMPTRACE carry dt=1.4644660940672622 edge=1 margin=0.003746131027583033 band=0.01 Pa=390229.5767093533 Pb=861063.0847327792 rhoA=996.2962161997
PUMPTRACE carry dt=1.4644660940672622 edge=1 margin=0.003746131027583033 band=0.01 Pa=390229.5767093533 Pb=861063.0847327792 rhoA=996.2962161997
PUMPTRACE carry dt=1.4644660940672622 edge=1 margin=0.003746131027583033 band=0.01 Pa=390229.5767093533 Pb=861063.0847327792 rhoA=996.2962161997
PUMPTRACE carry dt=1.4644660940672622 edge=1 margin=0.003746131027583033 band=0.01 Pa=390229.5767093533 Pb=861063.0847327792 rhoA=996.2962161997
PUMPTRACE carry dt=1.4644660940672622 edge=1 margin=0.003746131027583033 band=0.01 Pa=390229.5767093533 Pb=861063.0847327792 rhoA=996.2962161997
PUMPTRACE carry dt=1.4644660940672622 edge=1 margin=0.003746131027583033 band=0.01 Pa=390229.5767093533 Pb=861063.0847327792 rhoA=996.2962161997
(rising  generator->3 pipes up->tank) OK intervals=40 advanced=5.0 accepted=1 rejected=0
   tank P=360918.47228805406 mass=715.3401670175984 offset vs flat=-39081.53332618112 Pa
(falling generator->3 pipes down->tank) OK intervals=40 advanced=5.0 accepted=1 rejected=0
   tank P=439081.8102046798 mass=766.0003396492835 offset vs flat=39081.804590444604 Pa
(rising  generator->pipe->filter->pipe->tank) OK intervals=40 advanced=5.0 accepted=1 rejected=0
   tank P=360918.3479850189 mass=715.3400690252906 offset vs flat=-39081.657629216264 Pa
(rising  generator->pump->2 pipes->tank) OK intervals=40 advanced=5.0 accepted=1 rejected=0
   tank P=861063.0847327792 mass=880.3470472207247 offset vs flat=461063.079118544 Pa
]]></system-out>
  <system-err><![CDATA[]]></system-err>
</testsuite>
