<?xml version="1.0" encoding="UTF-8"?>
<testsuite name="com.wormzjl.createcheme.runtime.fluid.FilterBlockLineIslandTest" tests="11" skipped="0" failures="0" errors="0" timestamp="2026-09-26T03:22:37.295Z" hostname="WORMZ-PC" time="1.137">
  <properties/>
  <testcase name="aFilterBlockCostsAPumpedLineNoIntervalOfItsOwn()" classname="com.wormzjl.createcheme.runtime.fluid.FilterBlockLineIslandTest" time="0.206"/>
  <testcase name="filterLineToAVoidIntegratesWithSolidsAndDrivingPressure()" classname="com.wormzjl.createcheme.runtime.fluid.FilterBlockLineIslandTest" time="0.018"/>
  <testcase name="filterLineToAVoidIntegratesWithSolidsAndNoDrivingPressure()" classname="com.wormzjl.createcheme.runtime.fluid.FilterBlockLineIslandTest" time="0.007"/>
  <testcase name="filterFreeLineToATankKeepsIntegratingOnceTheTankIsFull()" classname="com.wormzjl.createcheme.runtime.fluid.FilterBlockLineIslandTest" time="0.03"/>
  <testcase name="valveLineToATankKeepsIntegratingOnceTheTankIsFull()" classname="com.wormzjl.createcheme.runtime.fluid.FilterBlockLineIslandTest" time="0.194"/>
  <testcase name="filterLineToATankKeepsIntegratingOnceTheTankIsFull()" classname="com.wormzjl.createcheme.runtime.fluid.FilterBlockLineIslandTest" time="0.483"/>
  <testcase name="aFilterBlockCompilesToTwoZeroHoldupJunctionsAroundItsOwnEdge()" classname="com.wormzjl.createcheme.runtime.fluid.FilterBlockLineIslandTest" time="0.002"/>
  <testcase name="aPassiveLineAtThePumpsShutoffPressureFillsTheSameTank()" classname="com.wormzjl.createcheme.runtime.fluid.FilterBlockLineIslandTest" time="0.054"/>
  <testcase name="filterLineToAVoidIntegratesWithModerateSolidsAndPressure()" classname="com.wormzjl.createcheme.runtime.fluid.FilterBlockLineIslandTest" time="0.009"/>
  <testcase name="filterFreeLineToATankIntegratesItsFirstInterval()" classname="com.wormzjl.createcheme.runtime.fluid.FilterBlockLineIslandTest" time="0.066"/>
  <testcase name="filterLineToATankIntegratesItsFirstIntervalAtRest()" classname="com.wormzjl.createcheme.runtime.fluid.FilterBlockLineIslandTest" time="0.012"/>
  <system-out><![CDATA[(ii) generator-pump-pipe-filter-pipe-tank, clear, at rest: OK intervals=40 advanced=5.0 accepted=1 rejected=0 reasons={}
(control) generator-pump-3 pipes-tank at rest: OK intervals=40 advanced=5.0 accepted=1 rejected=0 reasons={}
(reference) passive generator at 601325 Pa-4 pipes-tank: OK intervals=40 advanced=5.0 accepted=1 rejected=0 reasons={}
(endpoint) pumped tank P=601324.946740282 mass=829.018972786496 T=298.2155767225727 liq=0.8307861375562708 vap=0.16921386244374326
(endpoint) passive tank P=601324.9999998952 mass=828.9544530663226 T=298.2920489296234 liq=0.8307378947857147 vap=0.16926210595791694
(iv) generator(20%/100um at 300 kPa)-pipe-filter-pipe-void: OK intervals=1 advanced=5.0 accepted=7 rejected=0 reasons={}
(iii) generator(5%/100um)-pipe-filter-pipe-void, no driving pressure: OK intervals=1 advanced=5.0 accepted=7 rejected=0 reasons={blocked with solid: DEPOSITION; pipe=8261561421756122062; velocity=0.0; deposition=0.0814002975619227; t=0.0=1}
(control) generator at 400 kPa-4 pipes-tank, clear: OK intervals=40 advanced=5.0 accepted=1 rejected=0 reasons={}
(i-c) generator at 300000 Pa-pipe-valve-2 pipes-tank: OK intervals=40 advanced=5.0 accepted=1 rejected=0 reasons={}
(control) generator at 300000 Pa-4 pipes-tank: OK intervals=40 advanced=5.0 accepted=1 rejected=0 reasons={}
(endpoint) valve tank P=300000.00003546383 mass=657.3805253433807  control tank P=300000.0005819588 mass=657.3805259701313
(i-c) generator at 400000 Pa-pipe-valve-2 pipes-tank: OK intervals=40 advanced=5.0 accepted=1 rejected=0 reasons={}
(control) generator at 400000 Pa-4 pipes-tank: OK intervals=40 advanced=5.0 accepted=1 rejected=0 reasons={}
(endpoint) valve tank P=400000.0013581095 mass=743.1612562665885  control tank P=400000.0000015244 mass=743.1612557244054
(i-c) generator at 600000 Pa-pipe-valve-2 pipes-tank: OK intervals=40 advanced=5.0 accepted=1 rejected=0 reasons={}
(control) generator at 600000 Pa-4 pipes-tank: OK intervals=40 advanced=5.0 accepted=1 rejected=0 reasons={}
(endpoint) valve tank P=599999.9999999113 mass=828.578624731676  control tank P=599999.9999999144 mass=828.5786247086509
(i-b) generator at 150000 Pa-pipe-filter-pipe-tank, clear: OK intervals=40 advanced=5.0 accepted=1 rejected=0 reasons={}
(control) generator at 150000 Pa-4 pipes-tank: OK intervals=40 advanced=5.0 accepted=1 rejected=0 reasons={}
(endpoint) filter tank P=150000.0000646168 mass=309.92017828524763  control tank P=150000.00005913712 mass=309.9201780469524
(i-b) generator at 200000 Pa-pipe-filter-pipe-tank, clear: OK intervals=40 advanced=5.0 accepted=1 rejected=0 reasons={}
(control) generator at 200000 Pa-4 pipes-tank: OK intervals=40 advanced=5.0 accepted=1 rejected=0 reasons={}
(endpoint) filter tank P=200000.0001181333 mass=484.5403332753848  control tank P=200000.0001556185 mass=484.54033332041655
(i-b) generator at 250000 Pa-pipe-filter-pipe-tank, clear: OK intervals=40 advanced=5.0 accepted=1 rejected=0 reasons={}
(control) generator at 250000 Pa-4 pipes-tank: OK intervals=40 advanced=5.0 accepted=1 rejected=0 reasons={}
(endpoint) filter tank P=250000.00004770228 mass=588.45493666935  control tank P=250000.00003626704 mass=588.4549366356877
(i-b) generator at 300000 Pa-pipe-filter-pipe-tank, clear: OK intervals=40 advanced=5.0 accepted=1 rejected=0 reasons={}
(control) generator at 300000 Pa-4 pipes-tank: OK intervals=40 advanced=5.0 accepted=1 rejected=0 reasons={}
(endpoint) filter tank P=300000.0007311332 mass=657.3805261412065  control tank P=300000.0005819588 mass=657.3805259701313
(i-b) generator at 350000 Pa-pipe-filter-pipe-tank, clear: OK intervals=40 advanced=5.0 accepted=1 rejected=0 reasons={}
(control) generator at 350000 Pa-4 pipes-tank: OK intervals=40 advanced=5.0 accepted=1 rejected=0 reasons={}
(endpoint) filter tank P=350000.00130947295 mass=706.4473151472561  control tank P=349999.9999999841 mass=706.4473141492515
(i-b) generator at 400000 Pa-pipe-filter-pipe-tank, clear: OK intervals=40 advanced=5.0 accepted=1 rejected=0 reasons={}
(control) generator at 400000 Pa-4 pipes-tank: OK intervals=40 advanced=5.0 accepted=1 rejected=0 reasons={}
(endpoint) filter tank P=400000.00145121594 mass=743.1612563263723  control tank P=400000.0000015244 mass=743.1612557244054
(i-b) generator at 600000 Pa-pipe-filter-pipe-tank, clear: OK intervals=40 advanced=5.0 accepted=1 rejected=0 reasons={}
(control) generator at 600000 Pa-4 pipes-tank: OK intervals=40 advanced=5.0 accepted=1 rejected=0 reasons={}
(endpoint) filter tank P=600000.0001428921 mass=828.5786249281535  control tank P=599999.9999999144 mass=828.5786247086509
reservoir-terminated filter line:
  node[0] id=1 GENERATOR P=101325.0 liquid=1.0 vapour=0.0 solidKg=0.0
  node[1] id=3 JUNCTION P=101325.0 liquid=1.0 vapour=0.0 solidKg=0.0
  node[2] id=5 RESERVOIR P=101325.0 liquid=0.0 vapour=1.0 solidKg=0.0
  node[3] id=-3 JUNCTION P=101325.0 liquid=1.0 vapour=0.0 solidKg=0.0
  pipe id=8261561421756122062 0->1 Passive filter=false
  pipe id=3932769516861099846 3->2 Passive filter=false
  pipe id=-9223372036854775805 1->3 Passive filter=true
(probe) generator at 601325 Pa-4 pipes-tank, no pump: OK intervals=40 advanced=5.0 accepted=1 rejected=0 reasons={}
(probe) generator at 300000 Pa-4 pipes-tank, no pump: OK intervals=40 advanced=5.0 accepted=1 rejected=0 reasons={}
(v) generator(5%/100um at 150 kPa)-pipe-filter-pipe-void: OK intervals=1 advanced=5.0 accepted=7 rejected=0 reasons={}
(control) generator-4 pipes-tank at rest: OK intervals=40 advanced=5.0 accepted=1 rejected=0 reasons={}
(control) generator(5%/100um at 300 kPa)-4 pipes-tank: OK intervals=40 advanced=5.0 accepted=1 rejected=0 reasons={blocked with solid: DEPOSITION; pipe=44096572600764770; velocity=0.08138905819655261; deposition=0.08138927027369308; t=0.0=1}
(i) generator-pipe-filter-pipe-tank, clear, at rest: OK intervals=40 advanced=5.0 accepted=1 rejected=0 reasons={}
]]></system-out>
  <system-err><![CDATA[]]></system-err>
</testsuite>
