<?xml version="1.0" encoding="UTF-8"?>
<testsuite name="com.wormzjl.createcheme.science.fluid.network.NetworkRegimeTest" tests="9" skipped="0" failures="2" errors="0" timestamp="2026-09-26T03:22:38.556Z" hostname="WORMZ-PC" time="0.162">
  <properties/>
  <testcase name="twoDifferentFeedsMixAtAZeroHoldupJunction()" classname="com.wormzjl.createcheme.science.fluid.network.NetworkRegimeTest" time="0.018">
    <failure message="org.opentest4j.AssertionFailedError: expected: &lt;0.6326450275296205&gt; but was: &lt;0.5722427451894476&gt;" type="org.opentest4j.AssertionFailedError">org.opentest4j.AssertionFailedError: expected: &lt;0.6326450275296205&gt; but was: &lt;0.5722427451894476&gt;
	at app//org.junit.jupiter.api.AssertionFailureBuilder.build(AssertionFailureBuilder.java:151)
	at app//org.junit.jupiter.api.AssertionFailureBuilder.buildAndThrow(AssertionFailureBuilder.java:132)
	at app//org.junit.jupiter.api.AssertEquals.failNotEqual(AssertEquals.java:197)
	at app//org.junit.jupiter.api.AssertEquals.assertEquals(AssertEquals.java:86)
	at app//org.junit.jupiter.api.AssertEquals.assertEquals(AssertEquals.java:81)
	at app//org.junit.jupiter.api.Assertions.assertEquals(Assertions.java:1014)
	at app//com.wormzjl.createcheme.science.fluid.network.NetworkRegimeTest.twoDifferentFeedsMixAtAZeroHoldupJunction(NetworkRegimeTest.java:34)
	at java.base@21.0.11/java.lang.reflect.Method.invoke(Method.java:580)
	at java.base@21.0.11/java.util.ArrayList.forEach(ArrayList.java:1596)
	at java.base@21.0.11/java.util.ArrayList.forEach(ArrayList.java:1596)
</failure>
  </testcase>
  <testcase name="cancellationCannotLeavePartialTransfersAndExcessVelocityIsConservativelyLimited()" classname="com.wormzjl.createcheme.science.fluid.network.NetworkRegimeTest" time="0.022"/>
  <testcase name="pumpShutoffUsesAddedPressureAndTankRecycleIsAllowed()" classname="com.wormzjl.createcheme.science.fluid.network.NetworkRegimeTest" time="0.005"/>
  <testcase name="hydrocarbonLiquidCanDisappearIntoTheSharedGasPhase()" classname="com.wormzjl.createcheme.science.fluid.network.NetworkRegimeTest" time="0.019"/>
  <testcase name="reversingOneFeedSwitchesJunctionUpwindingAndSerialValvesRemainSolvable()" classname="com.wormzjl.createcheme.science.fluid.network.NetworkRegimeTest" time="0.004">
    <failure message="org.opentest4j.AssertionFailedError: expected: &lt;0.0&gt; but was: &lt;44.07302495656579&gt;" type="org.opentest4j.AssertionFailedError">org.opentest4j.AssertionFailedError: expected: &lt;0.0&gt; but was: &lt;44.07302495656579&gt;
	at app//org.junit.jupiter.api.AssertionFailureBuilder.build(AssertionFailureBuilder.java:151)
	at app//org.junit.jupiter.api.AssertionFailureBuilder.buildAndThrow(AssertionFailureBuilder.java:132)
	at app//org.junit.jupiter.api.AssertEquals.failNotEqual(AssertEquals.java:197)
	at app//org.junit.jupiter.api.AssertEquals.assertEquals(AssertEquals.java:86)
	at app//org.junit.jupiter.api.AssertEquals.assertEquals(AssertEquals.java:81)
	at app//org.junit.jupiter.api.Assertions.assertEquals(Assertions.java:1014)
	at app//com.wormzjl.createcheme.science.fluid.network.NetworkRegimeTest.reversingOneFeedSwitchesJunctionUpwindingAndSerialValvesRemainSolvable(NetworkRegimeTest.java:43)
	at java.base@21.0.11/java.lang.reflect.Method.invoke(Method.java:580)
	at java.base@21.0.11/java.util.ArrayList.forEach(ArrayList.java:1596)
	at java.base@21.0.11/java.util.ArrayList.forEach(ArrayList.java:1596)
</failure>
  </testcase>
  <testcase name="serialSectionsPreserveIndependentLaminarAndFittingLosses()" classname="com.wormzjl.createcheme.science.fluid.network.NetworkRegimeTest" time="0.0"/>
  <testcase name="bypassCanPreventAValveFromMaintainingItsUpstreamSetpoint()" classname="com.wormzjl.createcheme.science.fluid.network.NetworkRegimeTest" time="0.008"/>
  <testcase name="aRejectedTrialRestartsFromTheSameConservedStateAtTheSmallerStep()" classname="com.wormzjl.createcheme.science.fluid.network.NetworkRegimeTest" time="0.004"/>
  <testcase name="hotNitrogenCanEvaporateTheLastFreeWaterWithoutDiscardingIt()" classname="com.wormzjl.createcheme.science.fluid.network.NetworkRegimeTest" time="0.03"/>
  <system-out><![CDATA[]]></system-out>
  <system-err><![CDATA[]]></system-err>
</testsuite>
