<?xml version="1.0" encoding="UTF-8"?>
<testsuite name="com.wormzjl.createcheme.runtime.fluid.FluidDeviceSpecTest" tests="1" skipped="0" failures="0" errors="0" timestamp="2026-09-26T07:48:56.960Z" hostname="WORMZ-PC" time="0.007">
  <properties/>
  <testcase name="allRequiredCrudePresetsShareTheExactQualifiedPropertyBasis()" classname="com.wormzjl.createcheme.runtime.fluid.FluidDeviceSpecTest" time="0.007"/>
  <system-out><![CDATA[]]></system-out>
  <system-err><![CDATA[]]></system-err>
</testsuite>
