<?xml version="1.0" encoding="UTF-8"?>
<testsuite name="com.wormzjl.createcheme.runtime.fluid.PhysicalRegistryTest" tests="8" skipped="0" failures="0" errors="0" timestamp="2026-09-26T07:39:40.273Z" hostname="WORMZ-PC" time="0.638">
  <properties/>
  <testcase name="certifiedIslandsUntouchedByAnEventStayCertified()" classname="com.wormzjl.createcheme.runtime.fluid.PhysicalRegistryTest" time="0.046"/>
  <testcase name="mergesAndSplitsProduceTheRightIslandsAndRevisions()" classname="com.wormzjl.createcheme.runtime.fluid.PhysicalRegistryTest" time="0.008"/>
  <testcase name="placementCostIsFlatInWorldSize()" classname="com.wormzjl.createcheme.runtime.fluid.PhysicalRegistryTest" time="0.446"/>
  <testcase name="aTicksEventsApplyOnceInOrderAsOneBatch()" classname="com.wormzjl.createcheme.runtime.fluid.PhysicalRegistryTest" time="0.035"/>
  <testcase name="aHeldEventKeepsItsTickAndOrdersTheEventsThatDependOnIt()" classname="com.wormzjl.createcheme.runtime.fluid.PhysicalRegistryTest" time="0.012"/>
  <testcase name="removalAndEditFollowTheSamePath()" classname="com.wormzjl.createcheme.runtime.fluid.PhysicalRegistryTest" time="0.018"/>
  <testcase name="anEventTouchingOneIslandCompilesAndReplacesOnlyThatIsland()" classname="com.wormzjl.createcheme.runtime.fluid.PhysicalRegistryTest" time="0.025"/>
  <testcase name="anEventReachesAnIslandThroughAnOwnerlessBranch()" classname="com.wormzjl.createcheme.runtime.fluid.PhysicalRegistryTest" time="0.008"/>
  <system-out><![CDATA[one placement, median ms by world size: {500=0.1207, 2000=0.0659, 5000=0.0639}
]]></system-out>
  <system-err><![CDATA[]]></system-err>
</testsuite>
