<?xml version="1.0" encoding="UTF-8"?>
<testsuite name="com.wormzjl.createcheme.runtime.fluid.McpGameplayRegressionTest" tests="3" skipped="0" failures="0" errors="0" timestamp="2026-09-26T05:19:33.427Z" hostname="WORMZ-PC" time="0.44">
  <properties/>
  <testcase name="belowSeaLevelNitrogenTankAcceptsWaterAfterAnIdlePeriodAndPressureEdit()" classname="com.wormzjl.createcheme.runtime.fluid.McpGameplayRegressionTest" time="0.202"/>
  <testcase name="savedSonicRefusalAdvancesWithVelocityClampingAndKeepsCanonicalBalances()" classname="com.wormzjl.createcheme.runtime.fluid.McpGameplayRegressionTest" time="0.022"/>
  <testcase name="clampedDrainContinuesAfterTheTankBecomesAlmostLiquidFull()" classname="com.wormzjl.createcheme.runtime.fluid.McpGameplayRegressionTest" time="0.216"/>
  <system-out><![CDATA[]]></system-out>
  <system-err><![CDATA[]]></system-err>
</testsuite>
