<?xml version="1.0" encoding="UTF-8"?>
<testsuite name="com.wormzjl.createcheme.runtime.fluid.BufferedCommitTest" tests="1" skipped="0" failures="0" errors="0" timestamp="2026-09-26T05:19:15.490Z" hostname="WORMZ-PC" time="0.304">
  <properties/>
  <testcase name="hydraulicAndPendingMaterialPublishTogetherAndAbortedStagingConsumesNeither()" classname="com.wormzjl.createcheme.runtime.fluid.BufferedCommitTest" time="0.304"/>
  <system-out><![CDATA[]]></system-out>
  <system-err><![CDATA[]]></system-err>
</testsuite>
