<?xml version="1.0" encoding="UTF-8"?>
<testsuite name="com.wormzjl.createcheme.runtime.fluid.IslandSchedulerTest" tests="6" skipped="0" failures="0" errors="0" timestamp="2026-09-24T04:45:07.960Z" hostname="WORMZ-PC" time="3.69">
  <properties/>
  <testcase name="deadlinesComeOutByTickThenInSchedulingOrderAndNextDueIsAPeek()" classname="com.wormzjl.createcheme.runtime.fluid.IslandSchedulerTest" time="0.019"/>
  <testcase name="idleIslandsCostNothingPerTickAtOneHundredOrAThousand()" classname="com.wormzjl.createcheme.runtime.fluid.IslandSchedulerTest" time="1.909"/>
  <testcase name="aRevisionBumpLeavesOnlyStaleEntriesThatFireNothingUntilTheResumeReschedules()" classname="com.wormzjl.createcheme.runtime.fluid.IslandSchedulerTest" time="0.0"/>
  <testcase name="repartitionAndRemovalInvalidateTheReplacedIslandsDeadlines()" classname="com.wormzjl.createcheme.runtime.fluid.IslandSchedulerTest" time="0.002"/>
  <testcase name="certifiedIslandsCostNothingPerTickAtOneHundredOrAThousand()" classname="com.wormzjl.createcheme.runtime.fluid.IslandSchedulerTest" time="1.758"/>
  <testcase name="stopClearsEveryDeadlineAndLaterTicksDoNothing()" classname="com.wormzjl.createcheme.runtime.fluid.IslandSchedulerTest" time="0.001"/>
  <system-out><![CDATA[]]></system-out>
  <system-err><![CDATA[]]></system-err>
</testsuite>
