<?xml version="1.0" encoding="UTF-8"?>
<testsuite name="com.wormzjl.createcheme.runtime.fluid.RetainedSolverTest" tests="3" skipped="0" failures="0" errors="0" timestamp="2026-09-24T04:45:13.789Z" hostname="WORMZ-PC" time="0.039">
  <properties/>
  <testcase name="aRetainedSolverIsExclusiveAndIsHandedBackAfterEveryOutcome()" classname="com.wormzjl.createcheme.runtime.fluid.RetainedSolverTest" time="0.009"/>
  <testcase name="sharingTheIslandSolverWithTheModulePlannerNeverCostsMoreWork()" classname="com.wormzjl.createcheme.runtime.fluid.RetainedSolverTest" time="0.017"/>
  <testcase name="aRetainedSolverReusesItsStructureAcrossTheIntervalBoundary()" classname="com.wormzjl.createcheme.runtime.fluid.RetainedSolverTest" time="0.013"/>
  <system-out><![CDATA[]]></system-out>
  <system-err><![CDATA[]]></system-err>
</testsuite>
