<?xml version="1.0" encoding="UTF-8"?>
<testsuite name="com.wormzjl.createcheme.runtime.fluid.FluidCheckpointCodecTest" tests="6" skipped="0" failures="0" errors="0" timestamp="2026-09-24T04:45:02.614Z" hostname="WORMZ-PC" time="0.123">
  <properties/>
  <testcase name="aTopologyRoundTripsEveryFieldExactlyAndRefusesAMalformedUnit()" classname="com.wormzjl.createcheme.runtime.fluid.FluidCheckpointCodecTest" time="0.014"/>
  <testcase name="missingClocksMistypedStampsCorruptionUnknownVersionsAndChangedPropertiesAreRejected()" classname="com.wormzjl.createcheme.runtime.fluid.FluidCheckpointCodecTest" time="0.013"/>
  <testcase name="anEnergyDatumChangeIsRefused()" classname="com.wormzjl.createcheme.runtime.fluid.FluidCheckpointCodecTest" time="0.003"/>
  <testcase name="aChangedThermodynamicBasisRequiresANewWorldAndNeverReinterpretsStock()" classname="com.wormzjl.createcheme.runtime.fluid.FluidCheckpointCodecTest" time="0.054"/>
  <testcase name="changingVelocityLimitPreservesSavedStockClocksAndAllowanceButInvalidatesTheOldAnchor()" classname="com.wormzjl.createcheme.runtime.fluid.FluidCheckpointCodecTest" time="0.013"/>
  <testcase name="roundTripRetainsStockDebtFencesFallbackAndTheUndeliveredEightyKg()" classname="com.wormzjl.createcheme.runtime.fluid.FluidCheckpointCodecTest" time="0.003"/>
  <system-out><![CDATA[]]></system-out>
  <system-err><![CDATA[]]></system-err>
</testsuite>
