<?xml version="1.0" encoding="UTF-8"?>
<testsuite name="com.wormzjl.createcheme.runtime.fluid.ModuleTransferPlannerTest" tests="4" skipped="0" failures="0" errors="0" timestamp="2026-09-26T07:01:31.939Z" hostname="WORMZ-PC" time="0.637">
  <properties/>
  <testcase name="requestedTwentyAndEightyKgCommitAsSeparateIntervalsWithoutReplay()" classname="com.wormzjl.createcheme.runtime.fluid.ModuleTransferPlannerTest" time="0.006"/>
  <testcase name="withdrawalProducesOnlyActuallyIntegratedMaterialAndCancellationPropagates()" classname="com.wormzjl.createcheme.runtime.fluid.ModuleTransferPlannerTest" time="0.003"/>
  <testcase name="overfullDeliveryIsReducedToAFeasiblePortionAndOtherDueInputStillAdvances()" classname="com.wormzjl.createcheme.runtime.fluid.ModuleTransferPlannerTest" time="0.552"/>
  <testcase name="solidsArrivingDuringAnIntervalRefuseOnlyTheAffectedWithdrawal()" classname="com.wormzjl.createcheme.runtime.fluid.ModuleTransferPlannerTest" time="0.066"/>
  <system-out><![CDATA[]]></system-out>
  <system-err><![CDATA[]]></system-err>
</testsuite>
