<?xml version="1.0" encoding="UTF-8"?>
<testsuite name="com.wormzjl.createcheme.science.fluid.thermo.LiquidCompressionQualificationTest" tests="1" skipped="0" failures="0" errors="0" timestamp="2026-09-26T07:01:42.060Z" hostname="WORMZ-PC" time="0.002">
  <properties/>
  <testcase name="recordsThePrCompressionAuditAndChecksCalibratedDensity()" classname="com.wormzjl.createcheme.science.fluid.thermo.LiquidCompressionQualificationTest" time="0.002"/>
  <system-out><![CDATA[]]></system-out>
  <system-err><![CDATA[]]></system-err>
</testsuite>
