<?xml version="1.0" encoding="UTF-8"?>
<testsuite name="com.wormzjl.createcheme.science.fluid.thermo.FluidPropertyCoverageTest" tests="4" skipped="0" failures="0" errors="0" timestamp="2026-09-26T00:49:54.505Z" hostname="WORMZ-PC" time="0.115">
  <properties/>
  <testcase name="requiredCrudeMixturesHaveFinitePropertiesAcrossTheInitialWetOperatingGrid()" classname="com.wormzjl.createcheme.science.fluid.thermo.FluidPropertyCoverageTest" time="0.049"/>
  <testcase name="steamCompressionMatchesIndependentPressureDifferencesWithinTheSampledEnvelope()" classname="com.wormzjl.createcheme.science.fluid.thermo.FluidPropertyCoverageTest" time="0.001"/>
  <testcase name="steamScreeningRetainsTheRejectedPointAndChecksIndependentViscosityReferences()" classname="com.wormzjl.createcheme.science.fluid.thermo.FluidPropertyCoverageTest" time="0.0"/>
  <testcase name="gameplayBasisWithNitrogenHasFinitePropertiesAtGridAndInteriorSamples()" classname="com.wormzjl.createcheme.science.fluid.thermo.FluidPropertyCoverageTest" time="0.065"/>
  <system-out><![CDATA[]]></system-out>
  <system-err><![CDATA[]]></system-err>
</testsuite>
