<?xml version="1.0" encoding="UTF-8"?>
<testsuite name="com.wormzjl.createcheme.science.fluid.network.ScheduledTransferTest" tests="3" skipped="0" failures="0" errors="0" timestamp="2026-09-26T00:49:49.507Z" hostname="WORMZ-PC" time="0.134">
  <properties/>
  <testcase name="bulkWithdrawalIsDistributedInTimeAndCarriesEnthalpyAndElevationEnergy()" classname="com.wormzjl.createcheme.science.fluid.network.ScheduledTransferTest" time="0.004"/>
  <testcase name="waterCanBeDeliveredOverFiveFifteenAndThirtySecondsWithoutAnInstantaneousInventoryJump()" classname="com.wormzjl.createcheme.science.fluid.network.ScheduledTransferTest" time="0.006"/>
  <testcase name="anUnsupportedWithdrawalPublishesNoPartialInterval()" classname="com.wormzjl.createcheme.science.fluid.network.ScheduledTransferTest" time="0.118"/>
  <system-out><![CDATA[]]></system-out>
  <system-err><![CDATA[]]></system-err>
</testsuite>
